08-Jan-2024 19:35:21.635 INFOS [main] org.apache.catalina.startup.VersionLoggerListener.log Nom version serveur :              Apache Tomcat/9.0.82
08-Jan-2024 19:35:21.637 INFOS [main] org.apache.catalina.startup.VersionLoggerListener.log Serveur compilé :                  Oct 11 2023 13:15:08 UTC
08-Jan-2024 19:35:21.637 INFOS [main] org.apache.catalina.startup.VersionLoggerListener.log Version du serveur :               9.0.82.0
08-Jan-2024 19:35:21.637 INFOS [main] org.apache.catalina.startup.VersionLoggerListener.log Nom de l'OS :                      Mac OS X
08-Jan-2024 19:35:21.637 INFOS [main] org.apache.catalina.startup.VersionLoggerListener.log Version OS :                       10.16
08-Jan-2024 19:35:21.637 INFOS [main] org.apache.catalina.startup.VersionLoggerListener.log Architecture :                     x86_64
08-Jan-2024 19:35:21.637 INFOS [main] org.apache.catalina.startup.VersionLoggerListener.log Java Home :                        /Library/Java/JavaVirtualMachines/jdk1.8.0_271.jdk/Contents/Home/jre
08-Jan-2024 19:35:21.637 INFOS [main] org.apache.catalina.startup.VersionLoggerListener.log Version JVM :                      1.8.0_271-b09
08-Jan-2024 19:35:21.638 INFOS [main] org.apache.catalina.startup.VersionLoggerListener.log Fournisseur de la JVM :            Oracle Corporation
08-Jan-2024 19:35:21.638 INFOS [main] org.apache.catalina.startup.VersionLoggerListener.log CATALINA_BASE :                    /Users/boujams/Desktop/Smiyou/ENSIIE/2A/SIA/SIA-Midterm/apache-tomcat-9.0.82
08-Jan-2024 19:35:21.638 INFOS [main] org.apache.catalina.startup.VersionLoggerListener.log CATALINA_HOME :                    /Users/boujams/Desktop/Smiyou/ENSIIE/2A/SIA/SIA-Midterm/apache-tomcat-9.0.82
08-Jan-2024 19:35:21.640 INFOS [main] org.apache.catalina.startup.VersionLoggerListener.log Argument de la ligne de commande : -Djava.util.logging.config.file=/Users/boujams/Desktop/Smiyou/ENSIIE/2A/SIA/SIA-Midterm/apache-tomcat-9.0.82/conf/logging.properties
08-Jan-2024 19:35:21.640 INFOS [main] org.apache.catalina.startup.VersionLoggerListener.log Argument de la ligne de commande : -Djava.util.logging.manager=org.apache.juli.ClassLoaderLogManager
08-Jan-2024 19:35:21.641 INFOS [main] org.apache.catalina.startup.VersionLoggerListener.log Argument de la ligne de commande : -Djdk.tls.ephemeralDHKeySize=2048
08-Jan-2024 19:35:21.641 INFOS [main] org.apache.catalina.startup.VersionLoggerListener.log Argument de la ligne de commande : -Djava.protocol.handler.pkgs=org.apache.catalina.webresources
08-Jan-2024 19:35:21.641 INFOS [main] org.apache.catalina.startup.VersionLoggerListener.log Argument de la ligne de commande : -Dorg.apache.catalina.security.SecurityListener.UMASK=0027
08-Jan-2024 19:35:21.641 INFOS [main] org.apache.catalina.startup.VersionLoggerListener.log Argument de la ligne de commande : -Dignore.endorsed.dirs=
08-Jan-2024 19:35:21.641 INFOS [main] org.apache.catalina.startup.VersionLoggerListener.log Argument de la ligne de commande : -Dcatalina.base=/Users/boujams/Desktop/Smiyou/ENSIIE/2A/SIA/SIA-Midterm/apache-tomcat-9.0.82
08-Jan-2024 19:35:21.641 INFOS [main] org.apache.catalina.startup.VersionLoggerListener.log Argument de la ligne de commande : -Dcatalina.home=/Users/boujams/Desktop/Smiyou/ENSIIE/2A/SIA/SIA-Midterm/apache-tomcat-9.0.82
08-Jan-2024 19:35:21.641 INFOS [main] org.apache.catalina.startup.VersionLoggerListener.log Argument de la ligne de commande : -Djava.io.tmpdir=/Users/boujams/Desktop/Smiyou/ENSIIE/2A/SIA/SIA-Midterm/apache-tomcat-9.0.82/temp
08-Jan-2024 19:35:21.644 INFOS [main] org.apache.catalina.core.AprLifecycleListener.lifecycleEvent La librairie Apache Tomcat Native basée sur APR qui permet des performances optimales dans les environnements de production n'a pas été trouvée sur le java.library.path : [/Users/boujams/Library/Java/Extensions:/Library/Java/Extensions:/Network/Library/Java/Extensions:/System/Library/Java/Extensions:/usr/lib/java:.]
08-Jan-2024 19:35:22.013 INFOS [main] org.apache.coyote.AbstractProtocol.init Initialisation du gestionnaire de protocole ["http-nio-8088"]
08-Jan-2024 19:35:22.046 INFOS [main] org.apache.catalina.startup.Catalina.load L'initialisation du serveur a pris [609] millisecondes
08-Jan-2024 19:35:22.082 INFOS [main] org.apache.catalina.core.StandardService.startInternal Démarrage du service [Catalina]
08-Jan-2024 19:35:22.083 INFOS [main] org.apache.catalina.core.StandardEngine.startInternal Démarrage du moteur de Servlets : [Apache Tomcat/9.0.82]
08-Jan-2024 19:35:22.104 INFOS [main] org.apache.catalina.startup.HostConfig.deployWAR Déploiement de l'archive [/Users/boujams/Desktop/Smiyou/ENSIIE/2A/SIA/SIA-Midterm/apache-tomcat-9.0.82/webapps/axis2.war] de l'application web
08-Jan-2024 19:35:25.991 INFOS [main] org.apache.jasper.servlet.TldScanner.scanJars Au moins un fichier JAR a été analysé pour trouver des TLDs mais il n'en contenait pas, le mode "debug" du journal peut être activé pour obtenir une liste complète de JAR scannés sans succès ; éviter d'analyser des JARs inutilement peut améliorer sensiblement le temps de démarrage et le temps de compilation des JSPs
08-Jan-2024 19:35:27.814 INFOS [main] org.apache.catalina.startup.HostConfig.deployWAR Le déploiement de l'archive de l'application web [/Users/boujams/Desktop/Smiyou/ENSIIE/2A/SIA/SIA-Midterm/apache-tomcat-9.0.82/webapps/axis2.war] s'est terminé en [5 709] ms
08-Jan-2024 19:35:27.815 INFOS [main] org.apache.catalina.startup.HostConfig.deployDirectory Déploiement du répertoire d'application web [/Users/boujams/Desktop/Smiyou/ENSIIE/2A/SIA/SIA-Midterm/apache-tomcat-9.0.82/webapps/docs]
08-Jan-2024 19:35:28.103 INFOS [main] org.apache.jasper.servlet.TldScanner.scanJars Au moins un fichier JAR a été analysé pour trouver des TLDs mais il n'en contenait pas, le mode "debug" du journal peut être activé pour obtenir une liste complète de JAR scannés sans succès ; éviter d'analyser des JARs inutilement peut améliorer sensiblement le temps de démarrage et le temps de compilation des JSPs
08-Jan-2024 19:35:28.105 INFOS [main] org.apache.catalina.startup.HostConfig.deployDirectory Le déploiement du répertoire [/Users/boujams/Desktop/Smiyou/ENSIIE/2A/SIA/SIA-Midterm/apache-tomcat-9.0.82/webapps/docs] de l'application web s'est terminé en [290] ms
08-Jan-2024 19:35:28.105 INFOS [main] org.apache.catalina.startup.HostConfig.deployDirectory Déploiement du répertoire d'application web [/Users/boujams/Desktop/Smiyou/ENSIIE/2A/SIA/SIA-Midterm/apache-tomcat-9.0.82/webapps/manager]
08-Jan-2024 19:35:28.393 INFOS [main] org.apache.jasper.servlet.TldScanner.scanJars Au moins un fichier JAR a été analysé pour trouver des TLDs mais il n'en contenait pas, le mode "debug" du journal peut être activé pour obtenir une liste complète de JAR scannés sans succès ; éviter d'analyser des JARs inutilement peut améliorer sensiblement le temps de démarrage et le temps de compilation des JSPs
08-Jan-2024 19:35:28.397 INFOS [main] org.apache.catalina.startup.HostConfig.deployDirectory Le déploiement du répertoire [/Users/boujams/Desktop/Smiyou/ENSIIE/2A/SIA/SIA-Midterm/apache-tomcat-9.0.82/webapps/manager] de l'application web s'est terminé en [292] ms
08-Jan-2024 19:35:28.398 INFOS [main] org.apache.catalina.startup.HostConfig.deployDirectory Déploiement du répertoire d'application web [/Users/boujams/Desktop/Smiyou/ENSIIE/2A/SIA/SIA-Midterm/apache-tomcat-9.0.82/webapps/examples]
08-Jan-2024 19:35:28.895 INFOS [main] org.apache.jasper.servlet.TldScanner.scanJars Au moins un fichier JAR a été analysé pour trouver des TLDs mais il n'en contenait pas, le mode "debug" du journal peut être activé pour obtenir une liste complète de JAR scannés sans succès ; éviter d'analyser des JARs inutilement peut améliorer sensiblement le temps de démarrage et le temps de compilation des JSPs
08-Jan-2024 19:35:28.911 INFOS [main] org.apache.catalina.startup.HostConfig.deployDirectory Le déploiement du répertoire [/Users/boujams/Desktop/Smiyou/ENSIIE/2A/SIA/SIA-Midterm/apache-tomcat-9.0.82/webapps/examples] de l'application web s'est terminé en [513] ms
08-Jan-2024 19:35:28.911 INFOS [main] org.apache.catalina.startup.HostConfig.deployDirectory Déploiement du répertoire d'application web [/Users/boujams/Desktop/Smiyou/ENSIIE/2A/SIA/SIA-Midterm/apache-tomcat-9.0.82/webapps/ROOT]
08-Jan-2024 19:35:29.215 INFOS [main] org.apache.jasper.servlet.TldScanner.scanJars Au moins un fichier JAR a été analysé pour trouver des TLDs mais il n'en contenait pas, le mode "debug" du journal peut être activé pour obtenir une liste complète de JAR scannés sans succès ; éviter d'analyser des JARs inutilement peut améliorer sensiblement le temps de démarrage et le temps de compilation des JSPs
08-Jan-2024 19:35:29.217 INFOS [main] org.apache.catalina.startup.HostConfig.deployDirectory Le déploiement du répertoire [/Users/boujams/Desktop/Smiyou/ENSIIE/2A/SIA/SIA-Midterm/apache-tomcat-9.0.82/webapps/ROOT] de l'application web s'est terminé en [306] ms
08-Jan-2024 19:35:29.217 INFOS [main] org.apache.catalina.startup.HostConfig.deployDirectory Déploiement du répertoire d'application web [/Users/boujams/Desktop/Smiyou/ENSIIE/2A/SIA/SIA-Midterm/apache-tomcat-9.0.82/webapps/host-manager]
08-Jan-2024 19:35:29.527 INFOS [main] org.apache.jasper.servlet.TldScanner.scanJars Au moins un fichier JAR a été analysé pour trouver des TLDs mais il n'en contenait pas, le mode "debug" du journal peut être activé pour obtenir une liste complète de JAR scannés sans succès ; éviter d'analyser des JARs inutilement peut améliorer sensiblement le temps de démarrage et le temps de compilation des JSPs
08-Jan-2024 19:35:29.536 INFOS [main] org.apache.catalina.startup.HostConfig.deployDirectory Le déploiement du répertoire [/Users/boujams/Desktop/Smiyou/ENSIIE/2A/SIA/SIA-Midterm/apache-tomcat-9.0.82/webapps/host-manager] de l'application web s'est terminé en [319] ms
08-Jan-2024 19:35:29.539 INFOS [main] org.apache.coyote.AbstractProtocol.start Démarrage du gestionnaire de protocole ["http-nio-8088"]
08-Jan-2024 19:35:29.551 INFOS [main] org.apache.catalina.startup.Catalina.start Le démarrage du serveur a pris [7505] millisecondes
08-Jan-2024 21:15:44.433 INFOS [main] org.apache.catalina.startup.VersionLoggerListener.log Nom version serveur :              Apache Tomcat/9.0.82
08-Jan-2024 21:15:44.436 INFOS [main] org.apache.catalina.startup.VersionLoggerListener.log Serveur compilé :                  Oct 11 2023 13:15:08 UTC
08-Jan-2024 21:15:44.437 INFOS [main] org.apache.catalina.startup.VersionLoggerListener.log Version du serveur :               9.0.82.0
08-Jan-2024 21:15:44.437 INFOS [main] org.apache.catalina.startup.VersionLoggerListener.log Nom de l'OS :                      Mac OS X
08-Jan-2024 21:15:44.437 INFOS [main] org.apache.catalina.startup.VersionLoggerListener.log Version OS :                       10.16
08-Jan-2024 21:15:44.437 INFOS [main] org.apache.catalina.startup.VersionLoggerListener.log Architecture :                     x86_64
08-Jan-2024 21:15:44.437 INFOS [main] org.apache.catalina.startup.VersionLoggerListener.log Java Home :                        /Library/Java/JavaVirtualMachines/jdk1.8.0_271.jdk/Contents/Home/jre
08-Jan-2024 21:15:44.437 INFOS [main] org.apache.catalina.startup.VersionLoggerListener.log Version JVM :                      1.8.0_271-b09
08-Jan-2024 21:15:44.438 INFOS [main] org.apache.catalina.startup.VersionLoggerListener.log Fournisseur de la JVM :            Oracle Corporation
08-Jan-2024 21:15:44.438 INFOS [main] org.apache.catalina.startup.VersionLoggerListener.log CATALINA_BASE :                    /Users/boujams/Desktop/Smiyou/ENSIIE/2A/SIA/SIA-Midterm/apache-tomcat-9.0.82
08-Jan-2024 21:15:44.438 INFOS [main] org.apache.catalina.startup.VersionLoggerListener.log CATALINA_HOME :                    /Users/boujams/Desktop/Smiyou/ENSIIE/2A/SIA/SIA-Midterm/apache-tomcat-9.0.82
08-Jan-2024 21:15:44.442 INFOS [main] org.apache.catalina.startup.VersionLoggerListener.log Argument de la ligne de commande : -Djava.util.logging.config.file=/Users/boujams/Desktop/Smiyou/ENSIIE/2A/SIA/SIA-Midterm/apache-tomcat-9.0.82/conf/logging.properties
08-Jan-2024 21:15:44.442 INFOS [main] org.apache.catalina.startup.VersionLoggerListener.log Argument de la ligne de commande : -Djava.util.logging.manager=org.apache.juli.ClassLoaderLogManager
08-Jan-2024 21:15:44.442 INFOS [main] org.apache.catalina.startup.VersionLoggerListener.log Argument de la ligne de commande : -Djdk.tls.ephemeralDHKeySize=2048
08-Jan-2024 21:15:44.442 INFOS [main] org.apache.catalina.startup.VersionLoggerListener.log Argument de la ligne de commande : -Djava.protocol.handler.pkgs=org.apache.catalina.webresources
08-Jan-2024 21:15:44.442 INFOS [main] org.apache.catalina.startup.VersionLoggerListener.log Argument de la ligne de commande : -Dorg.apache.catalina.security.SecurityListener.UMASK=0027
08-Jan-2024 21:15:44.443 INFOS [main] org.apache.catalina.startup.VersionLoggerListener.log Argument de la ligne de commande : -Dignore.endorsed.dirs=
08-Jan-2024 21:15:44.443 INFOS [main] org.apache.catalina.startup.VersionLoggerListener.log Argument de la ligne de commande : -Dcatalina.base=/Users/boujams/Desktop/Smiyou/ENSIIE/2A/SIA/SIA-Midterm/apache-tomcat-9.0.82
08-Jan-2024 21:15:44.443 INFOS [main] org.apache.catalina.startup.VersionLoggerListener.log Argument de la ligne de commande : -Dcatalina.home=/Users/boujams/Desktop/Smiyou/ENSIIE/2A/SIA/SIA-Midterm/apache-tomcat-9.0.82
08-Jan-2024 21:15:44.444 INFOS [main] org.apache.catalina.startup.VersionLoggerListener.log Argument de la ligne de commande : -Djava.io.tmpdir=/Users/boujams/Desktop/Smiyou/ENSIIE/2A/SIA/SIA-Midterm/apache-tomcat-9.0.82/temp
08-Jan-2024 21:15:44.448 INFOS [main] org.apache.catalina.core.AprLifecycleListener.lifecycleEvent La librairie Apache Tomcat Native basée sur APR qui permet des performances optimales dans les environnements de production n'a pas été trouvée sur le java.library.path : [/Users/boujams/Library/Java/Extensions:/Library/Java/Extensions:/Network/Library/Java/Extensions:/System/Library/Java/Extensions:/usr/lib/java:.]
08-Jan-2024 21:15:45.039 INFOS [main] org.apache.coyote.AbstractProtocol.init Initialisation du gestionnaire de protocole ["http-nio-8088"]
08-Jan-2024 21:15:45.061 INFOS [main] org.apache.catalina.startup.Catalina.load L'initialisation du serveur a pris [972] millisecondes
08-Jan-2024 21:15:45.086 INFOS [main] org.apache.catalina.core.StandardService.startInternal Démarrage du service [Catalina]
08-Jan-2024 21:15:45.087 INFOS [main] org.apache.catalina.core.StandardEngine.startInternal Démarrage du moteur de Servlets : [Apache Tomcat/9.0.82]
08-Jan-2024 21:15:45.104 INFOS [main] org.apache.catalina.startup.HostConfig.deployWAR Déploiement de l'archive [/Users/boujams/Desktop/Smiyou/ENSIIE/2A/SIA/SIA-Midterm/apache-tomcat-9.0.82/webapps/axis2.war] de l'application web
08-Jan-2024 21:15:50.193 INFOS [main] org.apache.jasper.servlet.TldScanner.scanJars Au moins un fichier JAR a été analysé pour trouver des TLDs mais il n'en contenait pas, le mode "debug" du journal peut être activé pour obtenir une liste complète de JAR scannés sans succès ; éviter d'analyser des JARs inutilement peut améliorer sensiblement le temps de démarrage et le temps de compilation des JSPs
08-Jan-2024 21:15:52.383 INFOS [main] org.apache.catalina.startup.HostConfig.deployWAR Le déploiement de l'archive de l'application web [/Users/boujams/Desktop/Smiyou/ENSIIE/2A/SIA/SIA-Midterm/apache-tomcat-9.0.82/webapps/axis2.war] s'est terminé en [7 278] ms
08-Jan-2024 21:15:52.384 INFOS [main] org.apache.catalina.startup.HostConfig.deployDirectory Déploiement du répertoire d'application web [/Users/boujams/Desktop/Smiyou/ENSIIE/2A/SIA/SIA-Midterm/apache-tomcat-9.0.82/webapps/docs]
08-Jan-2024 21:15:52.718 INFOS [main] org.apache.jasper.servlet.TldScanner.scanJars Au moins un fichier JAR a été analysé pour trouver des TLDs mais il n'en contenait pas, le mode "debug" du journal peut être activé pour obtenir une liste complète de JAR scannés sans succès ; éviter d'analyser des JARs inutilement peut améliorer sensiblement le temps de démarrage et le temps de compilation des JSPs
08-Jan-2024 21:15:52.721 INFOS [main] org.apache.catalina.startup.HostConfig.deployDirectory Le déploiement du répertoire [/Users/boujams/Desktop/Smiyou/ENSIIE/2A/SIA/SIA-Midterm/apache-tomcat-9.0.82/webapps/docs] de l'application web s'est terminé en [337] ms
08-Jan-2024 21:15:52.721 INFOS [main] org.apache.catalina.startup.HostConfig.deployDirectory Déploiement du répertoire d'application web [/Users/boujams/Desktop/Smiyou/ENSIIE/2A/SIA/SIA-Midterm/apache-tomcat-9.0.82/webapps/manager]
08-Jan-2024 21:15:53.090 INFOS [main] org.apache.jasper.servlet.TldScanner.scanJars Au moins un fichier JAR a été analysé pour trouver des TLDs mais il n'en contenait pas, le mode "debug" du journal peut être activé pour obtenir une liste complète de JAR scannés sans succès ; éviter d'analyser des JARs inutilement peut améliorer sensiblement le temps de démarrage et le temps de compilation des JSPs
08-Jan-2024 21:15:53.094 INFOS [main] org.apache.catalina.startup.HostConfig.deployDirectory Le déploiement du répertoire [/Users/boujams/Desktop/Smiyou/ENSIIE/2A/SIA/SIA-Midterm/apache-tomcat-9.0.82/webapps/manager] de l'application web s'est terminé en [373] ms
08-Jan-2024 21:15:53.094 INFOS [main] org.apache.catalina.startup.HostConfig.deployDirectory Déploiement du répertoire d'application web [/Users/boujams/Desktop/Smiyou/ENSIIE/2A/SIA/SIA-Midterm/apache-tomcat-9.0.82/webapps/examples]
08-Jan-2024 21:15:53.572 INFOS [main] org.apache.jasper.servlet.TldScanner.scanJars Au moins un fichier JAR a été analysé pour trouver des TLDs mais il n'en contenait pas, le mode "debug" du journal peut être activé pour obtenir une liste complète de JAR scannés sans succès ; éviter d'analyser des JARs inutilement peut améliorer sensiblement le temps de démarrage et le temps de compilation des JSPs
08-Jan-2024 21:15:53.587 INFOS [main] org.apache.catalina.startup.HostConfig.deployDirectory Le déploiement du répertoire [/Users/boujams/Desktop/Smiyou/ENSIIE/2A/SIA/SIA-Midterm/apache-tomcat-9.0.82/webapps/examples] de l'application web s'est terminé en [493] ms
08-Jan-2024 21:15:53.587 INFOS [main] org.apache.catalina.startup.HostConfig.deployDirectory Déploiement du répertoire d'application web [/Users/boujams/Desktop/Smiyou/ENSIIE/2A/SIA/SIA-Midterm/apache-tomcat-9.0.82/webapps/ROOT]
08-Jan-2024 21:15:53.946 INFOS [main] org.apache.jasper.servlet.TldScanner.scanJars Au moins un fichier JAR a été analysé pour trouver des TLDs mais il n'en contenait pas, le mode "debug" du journal peut être activé pour obtenir une liste complète de JAR scannés sans succès ; éviter d'analyser des JARs inutilement peut améliorer sensiblement le temps de démarrage et le temps de compilation des JSPs
08-Jan-2024 21:15:53.948 INFOS [main] org.apache.catalina.startup.HostConfig.deployDirectory Le déploiement du répertoire [/Users/boujams/Desktop/Smiyou/ENSIIE/2A/SIA/SIA-Midterm/apache-tomcat-9.0.82/webapps/ROOT] de l'application web s'est terminé en [361] ms
08-Jan-2024 21:15:53.949 INFOS [main] org.apache.catalina.startup.HostConfig.deployDirectory Déploiement du répertoire d'application web [/Users/boujams/Desktop/Smiyou/ENSIIE/2A/SIA/SIA-Midterm/apache-tomcat-9.0.82/webapps/host-manager]
08-Jan-2024 21:15:54.385 INFOS [main] org.apache.jasper.servlet.TldScanner.scanJars Au moins un fichier JAR a été analysé pour trouver des TLDs mais il n'en contenait pas, le mode "debug" du journal peut être activé pour obtenir une liste complète de JAR scannés sans succès ; éviter d'analyser des JARs inutilement peut améliorer sensiblement le temps de démarrage et le temps de compilation des JSPs
08-Jan-2024 21:15:54.388 INFOS [main] org.apache.catalina.startup.HostConfig.deployDirectory Le déploiement du répertoire [/Users/boujams/Desktop/Smiyou/ENSIIE/2A/SIA/SIA-Midterm/apache-tomcat-9.0.82/webapps/host-manager] de l'application web s'est terminé en [440] ms
08-Jan-2024 21:15:54.392 INFOS [main] org.apache.coyote.AbstractProtocol.start Démarrage du gestionnaire de protocole ["http-nio-8088"]
08-Jan-2024 21:15:54.405 INFOS [main] org.apache.catalina.startup.Catalina.start Le démarrage du serveur a pris [9343] millisecondes
08-Jan-2024 21:24:38.653 INFOS [main] org.apache.catalina.startup.VersionLoggerListener.log Nom version serveur :              Apache Tomcat/9.0.82
08-Jan-2024 21:24:38.654 INFOS [main] org.apache.catalina.startup.VersionLoggerListener.log Serveur compilé :                  Oct 11 2023 13:15:08 UTC
08-Jan-2024 21:24:38.655 INFOS [main] org.apache.catalina.startup.VersionLoggerListener.log Version du serveur :               9.0.82.0
08-Jan-2024 21:24:38.655 INFOS [main] org.apache.catalina.startup.VersionLoggerListener.log Nom de l'OS :                      Mac OS X
08-Jan-2024 21:24:38.655 INFOS [main] org.apache.catalina.startup.VersionLoggerListener.log Version OS :                       10.16
08-Jan-2024 21:24:38.655 INFOS [main] org.apache.catalina.startup.VersionLoggerListener.log Architecture :                     x86_64
08-Jan-2024 21:24:38.655 INFOS [main] org.apache.catalina.startup.VersionLoggerListener.log Java Home :                        /Library/Java/JavaVirtualMachines/jdk1.8.0_271.jdk/Contents/Home/jre
08-Jan-2024 21:24:38.655 INFOS [main] org.apache.catalina.startup.VersionLoggerListener.log Version JVM :                      1.8.0_271-b09
08-Jan-2024 21:24:38.655 INFOS [main] org.apache.catalina.startup.VersionLoggerListener.log Fournisseur de la JVM :            Oracle Corporation
08-Jan-2024 21:24:38.655 INFOS [main] org.apache.catalina.startup.VersionLoggerListener.log CATALINA_BASE :                    /Users/boujams/Desktop/Smiyou/ENSIIE/2A/SIA/SIA-Midterm/apache-tomcat-9.0.82
08-Jan-2024 21:24:38.655 INFOS [main] org.apache.catalina.startup.VersionLoggerListener.log CATALINA_HOME :                    /Users/boujams/Desktop/Smiyou/ENSIIE/2A/SIA/SIA-Midterm/apache-tomcat-9.0.82
08-Jan-2024 21:24:38.658 INFOS [main] org.apache.catalina.startup.VersionLoggerListener.log Argument de la ligne de commande : -Djava.util.logging.config.file=/Users/boujams/Desktop/Smiyou/ENSIIE/2A/SIA/SIA-Midterm/apache-tomcat-9.0.82/conf/logging.properties
08-Jan-2024 21:24:38.658 INFOS [main] org.apache.catalina.startup.VersionLoggerListener.log Argument de la ligne de commande : -Djava.util.logging.manager=org.apache.juli.ClassLoaderLogManager
08-Jan-2024 21:24:38.658 INFOS [main] org.apache.catalina.startup.VersionLoggerListener.log Argument de la ligne de commande : -Djdk.tls.ephemeralDHKeySize=2048
08-Jan-2024 21:24:38.658 INFOS [main] org.apache.catalina.startup.VersionLoggerListener.log Argument de la ligne de commande : -Djava.protocol.handler.pkgs=org.apache.catalina.webresources
08-Jan-2024 21:24:38.658 INFOS [main] org.apache.catalina.startup.VersionLoggerListener.log Argument de la ligne de commande : -Dorg.apache.catalina.security.SecurityListener.UMASK=0027
08-Jan-2024 21:24:38.658 INFOS [main] org.apache.catalina.startup.VersionLoggerListener.log Argument de la ligne de commande : -Dignore.endorsed.dirs=
08-Jan-2024 21:24:38.658 INFOS [main] org.apache.catalina.startup.VersionLoggerListener.log Argument de la ligne de commande : -Dcatalina.base=/Users/boujams/Desktop/Smiyou/ENSIIE/2A/SIA/SIA-Midterm/apache-tomcat-9.0.82
08-Jan-2024 21:24:38.658 INFOS [main] org.apache.catalina.startup.VersionLoggerListener.log Argument de la ligne de commande : -Dcatalina.home=/Users/boujams/Desktop/Smiyou/ENSIIE/2A/SIA/SIA-Midterm/apache-tomcat-9.0.82
08-Jan-2024 21:24:38.658 INFOS [main] org.apache.catalina.startup.VersionLoggerListener.log Argument de la ligne de commande : -Djava.io.tmpdir=/Users/boujams/Desktop/Smiyou/ENSIIE/2A/SIA/SIA-Midterm/apache-tomcat-9.0.82/temp
08-Jan-2024 21:24:38.661 INFOS [main] org.apache.catalina.core.AprLifecycleListener.lifecycleEvent La librairie Apache Tomcat Native basée sur APR qui permet des performances optimales dans les environnements de production n'a pas été trouvée sur le java.library.path : [/Users/boujams/Library/Java/Extensions:/Library/Java/Extensions:/Network/Library/Java/Extensions:/System/Library/Java/Extensions:/usr/lib/java:.]
08-Jan-2024 21:24:38.943 INFOS [main] org.apache.coyote.AbstractProtocol.init Initialisation du gestionnaire de protocole ["http-nio-8088"]
08-Jan-2024 21:24:38.964 INFOS [main] org.apache.catalina.startup.Catalina.load L'initialisation du serveur a pris [457] millisecondes
08-Jan-2024 21:24:38.986 INFOS [main] org.apache.catalina.core.StandardService.startInternal Démarrage du service [Catalina]
08-Jan-2024 21:24:38.986 INFOS [main] org.apache.catalina.core.StandardEngine.startInternal Démarrage du moteur de Servlets : [Apache Tomcat/9.0.82]
08-Jan-2024 21:24:39.001 INFOS [main] org.apache.catalina.startup.HostConfig.deployWAR Déploiement de l'archive [/Users/boujams/Desktop/Smiyou/ENSIIE/2A/SIA/SIA-Midterm/apache-tomcat-9.0.82/webapps/axis2.war] de l'application web
08-Jan-2024 21:24:44.026 INFOS [main] org.apache.jasper.servlet.TldScanner.scanJars Au moins un fichier JAR a été analysé pour trouver des TLDs mais il n'en contenait pas, le mode "debug" du journal peut être activé pour obtenir une liste complète de JAR scannés sans succès ; éviter d'analyser des JARs inutilement peut améliorer sensiblement le temps de démarrage et le temps de compilation des JSPs
08-Jan-2024 21:24:46.377 INFOS [main] org.apache.catalina.startup.HostConfig.deployWAR Le déploiement de l'archive de l'application web [/Users/boujams/Desktop/Smiyou/ENSIIE/2A/SIA/SIA-Midterm/apache-tomcat-9.0.82/webapps/axis2.war] s'est terminé en [7 375] ms
08-Jan-2024 21:24:46.378 INFOS [main] org.apache.catalina.startup.HostConfig.deployDirectory Déploiement du répertoire d'application web [/Users/boujams/Desktop/Smiyou/ENSIIE/2A/SIA/SIA-Midterm/apache-tomcat-9.0.82/webapps/docs]
08-Jan-2024 21:24:46.709 INFOS [main] org.apache.jasper.servlet.TldScanner.scanJars Au moins un fichier JAR a été analysé pour trouver des TLDs mais il n'en contenait pas, le mode "debug" du journal peut être activé pour obtenir une liste complète de JAR scannés sans succès ; éviter d'analyser des JARs inutilement peut améliorer sensiblement le temps de démarrage et le temps de compilation des JSPs
08-Jan-2024 21:24:46.711 INFOS [main] org.apache.catalina.startup.HostConfig.deployDirectory Le déploiement du répertoire [/Users/boujams/Desktop/Smiyou/ENSIIE/2A/SIA/SIA-Midterm/apache-tomcat-9.0.82/webapps/docs] de l'application web s'est terminé en [333] ms
08-Jan-2024 21:24:46.711 INFOS [main] org.apache.catalina.startup.HostConfig.deployDirectory Déploiement du répertoire d'application web [/Users/boujams/Desktop/Smiyou/ENSIIE/2A/SIA/SIA-Midterm/apache-tomcat-9.0.82/webapps/manager]
08-Jan-2024 21:24:47.016 INFOS [main] org.apache.jasper.servlet.TldScanner.scanJars Au moins un fichier JAR a été analysé pour trouver des TLDs mais il n'en contenait pas, le mode "debug" du journal peut être activé pour obtenir une liste complète de JAR scannés sans succès ; éviter d'analyser des JARs inutilement peut améliorer sensiblement le temps de démarrage et le temps de compilation des JSPs
08-Jan-2024 21:24:47.022 INFOS [main] org.apache.catalina.startup.HostConfig.deployDirectory Le déploiement du répertoire [/Users/boujams/Desktop/Smiyou/ENSIIE/2A/SIA/SIA-Midterm/apache-tomcat-9.0.82/webapps/manager] de l'application web s'est terminé en [311] ms
08-Jan-2024 21:24:47.023 INFOS [main] org.apache.catalina.startup.HostConfig.deployDirectory Déploiement du répertoire d'application web [/Users/boujams/Desktop/Smiyou/ENSIIE/2A/SIA/SIA-Midterm/apache-tomcat-9.0.82/webapps/examples]
08-Jan-2024 21:24:47.495 INFOS [main] org.apache.jasper.servlet.TldScanner.scanJars Au moins un fichier JAR a été analysé pour trouver des TLDs mais il n'en contenait pas, le mode "debug" du journal peut être activé pour obtenir une liste complète de JAR scannés sans succès ; éviter d'analyser des JARs inutilement peut améliorer sensiblement le temps de démarrage et le temps de compilation des JSPs
08-Jan-2024 21:24:47.510 INFOS [main] org.apache.catalina.startup.HostConfig.deployDirectory Le déploiement du répertoire [/Users/boujams/Desktop/Smiyou/ENSIIE/2A/SIA/SIA-Midterm/apache-tomcat-9.0.82/webapps/examples] de l'application web s'est terminé en [487] ms
08-Jan-2024 21:24:47.510 INFOS [main] org.apache.catalina.startup.HostConfig.deployDirectory Déploiement du répertoire d'application web [/Users/boujams/Desktop/Smiyou/ENSIIE/2A/SIA/SIA-Midterm/apache-tomcat-9.0.82/webapps/ROOT]
08-Jan-2024 21:24:47.808 INFOS [main] org.apache.jasper.servlet.TldScanner.scanJars Au moins un fichier JAR a été analysé pour trouver des TLDs mais il n'en contenait pas, le mode "debug" du journal peut être activé pour obtenir une liste complète de JAR scannés sans succès ; éviter d'analyser des JARs inutilement peut améliorer sensiblement le temps de démarrage et le temps de compilation des JSPs
08-Jan-2024 21:24:47.809 INFOS [main] org.apache.catalina.startup.HostConfig.deployDirectory Le déploiement du répertoire [/Users/boujams/Desktop/Smiyou/ENSIIE/2A/SIA/SIA-Midterm/apache-tomcat-9.0.82/webapps/ROOT] de l'application web s'est terminé en [299] ms
08-Jan-2024 21:24:47.810 INFOS [main] org.apache.catalina.startup.HostConfig.deployDirectory Déploiement du répertoire d'application web [/Users/boujams/Desktop/Smiyou/ENSIIE/2A/SIA/SIA-Midterm/apache-tomcat-9.0.82/webapps/host-manager]
08-Jan-2024 21:24:48.106 INFOS [main] org.apache.jasper.servlet.TldScanner.scanJars Au moins un fichier JAR a été analysé pour trouver des TLDs mais il n'en contenait pas, le mode "debug" du journal peut être activé pour obtenir une liste complète de JAR scannés sans succès ; éviter d'analyser des JARs inutilement peut améliorer sensiblement le temps de démarrage et le temps de compilation des JSPs
08-Jan-2024 21:24:48.107 INFOS [main] org.apache.catalina.startup.HostConfig.deployDirectory Le déploiement du répertoire [/Users/boujams/Desktop/Smiyou/ENSIIE/2A/SIA/SIA-Midterm/apache-tomcat-9.0.82/webapps/host-manager] de l'application web s'est terminé en [297] ms
08-Jan-2024 21:24:48.110 INFOS [main] org.apache.coyote.AbstractProtocol.start Démarrage du gestionnaire de protocole ["http-nio-8088"]
08-Jan-2024 21:24:48.121 INFOS [main] org.apache.catalina.startup.Catalina.start Le démarrage du serveur a pris [9157] millisecondes
08-Jan-2024 22:09:48.561 INFO [main] org.apache.catalina.startup.VersionLoggerListener.log Server version name:   Apache Tomcat/9.0.82
08-Jan-2024 22:09:48.563 INFO [main] org.apache.catalina.startup.VersionLoggerListener.log Server built:          Oct 11 2023 13:15:08 UTC
08-Jan-2024 22:09:48.563 INFO [main] org.apache.catalina.startup.VersionLoggerListener.log Server version number: 9.0.82.0
08-Jan-2024 22:09:48.563 INFO [main] org.apache.catalina.startup.VersionLoggerListener.log OS Name:               Mac OS X
08-Jan-2024 22:09:48.564 INFO [main] org.apache.catalina.startup.VersionLoggerListener.log OS Version:            14.2.1
08-Jan-2024 22:09:48.564 INFO [main] org.apache.catalina.startup.VersionLoggerListener.log Architecture:          aarch64
08-Jan-2024 22:09:48.564 INFO [main] org.apache.catalina.startup.VersionLoggerListener.log Java Home:             /Library/Internet Plug-Ins/JavaAppletPlugin.plugin/Contents/Home
08-Jan-2024 22:09:48.564 INFO [main] org.apache.catalina.startup.VersionLoggerListener.log JVM Version:           1.8.0_381-b09
08-Jan-2024 22:09:48.564 INFO [main] org.apache.catalina.startup.VersionLoggerListener.log JVM Vendor:            Oracle Corporation
08-Jan-2024 22:09:48.564 INFO [main] org.apache.catalina.startup.VersionLoggerListener.log CATALINA_BASE:         /Users/christophewang/Desktop/SIA-Midterm/apache-tomcat-9.0.82
08-Jan-2024 22:09:48.564 INFO [main] org.apache.catalina.startup.VersionLoggerListener.log CATALINA_HOME:         /Users/christophewang/Desktop/SIA-Midterm/apache-tomcat-9.0.82
08-Jan-2024 22:09:48.565 INFO [main] org.apache.catalina.startup.VersionLoggerListener.log Command line argument: -Djava.util.logging.config.file=/Users/christophewang/Desktop/SIA-Midterm/apache-tomcat-9.0.82/conf/logging.properties
08-Jan-2024 22:09:48.565 INFO [main] org.apache.catalina.startup.VersionLoggerListener.log Command line argument: -Djava.util.logging.manager=org.apache.juli.ClassLoaderLogManager
08-Jan-2024 22:09:48.565 INFO [main] org.apache.catalina.startup.VersionLoggerListener.log Command line argument: -Djdk.tls.ephemeralDHKeySize=2048
08-Jan-2024 22:09:48.565 INFO [main] org.apache.catalina.startup.VersionLoggerListener.log Command line argument: -Djava.protocol.handler.pkgs=org.apache.catalina.webresources
08-Jan-2024 22:09:48.565 INFO [main] org.apache.catalina.startup.VersionLoggerListener.log Command line argument: -Dorg.apache.catalina.security.SecurityListener.UMASK=0027
08-Jan-2024 22:09:48.565 INFO [main] org.apache.catalina.startup.VersionLoggerListener.log Command line argument: -Dignore.endorsed.dirs=
08-Jan-2024 22:09:48.565 INFO [main] org.apache.catalina.startup.VersionLoggerListener.log Command line argument: -Dcatalina.base=/Users/christophewang/Desktop/SIA-Midterm/apache-tomcat-9.0.82
08-Jan-2024 22:09:48.565 INFO [main] org.apache.catalina.startup.VersionLoggerListener.log Command line argument: -Dcatalina.home=/Users/christophewang/Desktop/SIA-Midterm/apache-tomcat-9.0.82
08-Jan-2024 22:09:48.565 INFO [main] org.apache.catalina.startup.VersionLoggerListener.log Command line argument: -Djava.io.tmpdir=/Users/christophewang/Desktop/SIA-Midterm/apache-tomcat-9.0.82/temp
08-Jan-2024 22:09:48.572 INFO [main] org.apache.catalina.core.AprLifecycleListener.lifecycleEvent The Apache Tomcat Native library which allows using OpenSSL was not found on the java.library.path: [/Users/christophewang/Library/Java/Extensions:/Library/Java/Extensions:/Network/Library/Java/Extensions:/System/Library/Java/Extensions:/usr/lib/java:.]
08-Jan-2024 22:09:48.817 INFO [main] org.apache.coyote.AbstractProtocol.init Initializing ProtocolHandler ["http-nio-8088"]
08-Jan-2024 22:09:48.841 INFO [main] org.apache.catalina.startup.Catalina.load Server initialization in [380] milliseconds
08-Jan-2024 22:09:48.863 INFO [main] org.apache.catalina.core.StandardService.startInternal Starting service [Catalina]
08-Jan-2024 22:09:48.863 INFO [main] org.apache.catalina.core.StandardEngine.startInternal Starting Servlet engine: [Apache Tomcat/9.0.82]
08-Jan-2024 22:09:48.873 INFO [main] org.apache.catalina.startup.HostConfig.deployWAR Deploying web application archive [/Users/christophewang/Desktop/SIA-Midterm/apache-tomcat-9.0.82/webapps/axis2.war]
08-Jan-2024 22:09:50.913 INFO [main] org.apache.jasper.servlet.TldScanner.scanJars At least one JAR was scanned for TLDs yet contained no TLDs. Enable debug logging for this logger for a complete list of JARs that were scanned but no TLDs were found in them. Skipping unneeded JARs during scanning can improve startup time and JSP compilation time.
08-Jan-2024 22:09:51.624 INFO [main] org.apache.catalina.startup.HostConfig.deployWAR Deployment of web application archive [/Users/christophewang/Desktop/SIA-Midterm/apache-tomcat-9.0.82/webapps/axis2.war] has finished in [2,750] ms
08-Jan-2024 22:09:51.625 INFO [main] org.apache.catalina.startup.HostConfig.deployDirectory Deploying web application directory [/Users/christophewang/Desktop/SIA-Midterm/apache-tomcat-9.0.82/webapps/docs]
08-Jan-2024 22:09:51.758 INFO [main] org.apache.jasper.servlet.TldScanner.scanJars At least one JAR was scanned for TLDs yet contained no TLDs. Enable debug logging for this logger for a complete list of JARs that were scanned but no TLDs were found in them. Skipping unneeded JARs during scanning can improve startup time and JSP compilation time.
08-Jan-2024 22:09:51.759 INFO [main] org.apache.catalina.startup.HostConfig.deployDirectory Deployment of web application directory [/Users/christophewang/Desktop/SIA-Midterm/apache-tomcat-9.0.82/webapps/docs] has finished in [135] ms
08-Jan-2024 22:09:51.759 INFO [main] org.apache.catalina.startup.HostConfig.deployDirectory Deploying web application directory [/Users/christophewang/Desktop/SIA-Midterm/apache-tomcat-9.0.82/webapps/manager]
08-Jan-2024 22:09:51.893 INFO [main] org.apache.jasper.servlet.TldScanner.scanJars At least one JAR was scanned for TLDs yet contained no TLDs. Enable debug logging for this logger for a complete list of JARs that were scanned but no TLDs were found in them. Skipping unneeded JARs during scanning can improve startup time and JSP compilation time.
08-Jan-2024 22:09:51.896 INFO [main] org.apache.catalina.startup.HostConfig.deployDirectory Deployment of web application directory [/Users/christophewang/Desktop/SIA-Midterm/apache-tomcat-9.0.82/webapps/manager] has finished in [137] ms
08-Jan-2024 22:09:51.896 INFO [main] org.apache.catalina.startup.HostConfig.deployDirectory Deploying web application directory [/Users/christophewang/Desktop/SIA-Midterm/apache-tomcat-9.0.82/webapps/examples]
08-Jan-2024 22:09:52.110 INFO [main] org.apache.jasper.servlet.TldScanner.scanJars At least one JAR was scanned for TLDs yet contained no TLDs. Enable debug logging for this logger for a complete list of JARs that were scanned but no TLDs were found in them. Skipping unneeded JARs during scanning can improve startup time and JSP compilation time.
08-Jan-2024 22:09:52.119 INFO [main] org.apache.catalina.startup.HostConfig.deployDirectory Deployment of web application directory [/Users/christophewang/Desktop/SIA-Midterm/apache-tomcat-9.0.82/webapps/examples] has finished in [223] ms
08-Jan-2024 22:09:52.119 INFO [main] org.apache.catalina.startup.HostConfig.deployDirectory Deploying web application directory [/Users/christophewang/Desktop/SIA-Midterm/apache-tomcat-9.0.82/webapps/ROOT]
08-Jan-2024 22:09:52.277 INFO [main] org.apache.jasper.servlet.TldScanner.scanJars At least one JAR was scanned for TLDs yet contained no TLDs. Enable debug logging for this logger for a complete list of JARs that were scanned but no TLDs were found in them. Skipping unneeded JARs during scanning can improve startup time and JSP compilation time.
08-Jan-2024 22:09:52.278 INFO [main] org.apache.catalina.startup.HostConfig.deployDirectory Deployment of web application directory [/Users/christophewang/Desktop/SIA-Midterm/apache-tomcat-9.0.82/webapps/ROOT] has finished in [159] ms
08-Jan-2024 22:09:52.278 INFO [main] org.apache.catalina.startup.HostConfig.deployDirectory Deploying web application directory [/Users/christophewang/Desktop/SIA-Midterm/apache-tomcat-9.0.82/webapps/host-manager]
08-Jan-2024 22:09:52.428 INFO [main] org.apache.jasper.servlet.TldScanner.scanJars At least one JAR was scanned for TLDs yet contained no TLDs. Enable debug logging for this logger for a complete list of JARs that were scanned but no TLDs were found in them. Skipping unneeded JARs during scanning can improve startup time and JSP compilation time.
08-Jan-2024 22:09:52.429 INFO [main] org.apache.catalina.startup.HostConfig.deployDirectory Deployment of web application directory [/Users/christophewang/Desktop/SIA-Midterm/apache-tomcat-9.0.82/webapps/host-manager] has finished in [151] ms
08-Jan-2024 22:09:52.431 INFO [main] org.apache.coyote.AbstractProtocol.start Starting ProtocolHandler ["http-nio-8088"]
08-Jan-2024 22:09:52.438 INFO [main] org.apache.catalina.startup.Catalina.start Server startup in [3596] milliseconds
08-Jan-2024 22:11:37.941 INFO [main] org.apache.catalina.startup.VersionLoggerListener.log Server version name:   Apache Tomcat/9.0.82
08-Jan-2024 22:11:37.943 INFO [main] org.apache.catalina.startup.VersionLoggerListener.log Server built:          Oct 11 2023 13:15:08 UTC
08-Jan-2024 22:11:37.943 INFO [main] org.apache.catalina.startup.VersionLoggerListener.log Server version number: 9.0.82.0
08-Jan-2024 22:11:37.943 INFO [main] org.apache.catalina.startup.VersionLoggerListener.log OS Name:               Mac OS X
08-Jan-2024 22:11:37.943 INFO [main] org.apache.catalina.startup.VersionLoggerListener.log OS Version:            14.2.1
08-Jan-2024 22:11:37.943 INFO [main] org.apache.catalina.startup.VersionLoggerListener.log Architecture:          aarch64
08-Jan-2024 22:11:37.943 INFO [main] org.apache.catalina.startup.VersionLoggerListener.log Java Home:             /Library/Internet Plug-Ins/JavaAppletPlugin.plugin/Contents/Home
08-Jan-2024 22:11:37.943 INFO [main] org.apache.catalina.startup.VersionLoggerListener.log JVM Version:           1.8.0_381-b09
08-Jan-2024 22:11:37.943 INFO [main] org.apache.catalina.startup.VersionLoggerListener.log JVM Vendor:            Oracle Corporation
08-Jan-2024 22:11:37.943 INFO [main] org.apache.catalina.startup.VersionLoggerListener.log CATALINA_BASE:         /Users/christophewang/Desktop/SIA-Midterm/apache-tomcat-9.0.82
08-Jan-2024 22:11:37.943 INFO [main] org.apache.catalina.startup.VersionLoggerListener.log CATALINA_HOME:         /Users/christophewang/Desktop/SIA-Midterm/apache-tomcat-9.0.82
08-Jan-2024 22:11:37.945 INFO [main] org.apache.catalina.startup.VersionLoggerListener.log Command line argument: -Djava.util.logging.config.file=/Users/christophewang/Desktop/SIA-Midterm/apache-tomcat-9.0.82/conf/logging.properties
08-Jan-2024 22:11:37.945 INFO [main] org.apache.catalina.startup.VersionLoggerListener.log Command line argument: -Djava.util.logging.manager=org.apache.juli.ClassLoaderLogManager
08-Jan-2024 22:11:37.945 INFO [main] org.apache.catalina.startup.VersionLoggerListener.log Command line argument: -Djdk.tls.ephemeralDHKeySize=2048
08-Jan-2024 22:11:37.945 INFO [main] org.apache.catalina.startup.VersionLoggerListener.log Command line argument: -Djava.protocol.handler.pkgs=org.apache.catalina.webresources
08-Jan-2024 22:11:37.945 INFO [main] org.apache.catalina.startup.VersionLoggerListener.log Command line argument: -Dorg.apache.catalina.security.SecurityListener.UMASK=0027
08-Jan-2024 22:11:37.945 INFO [main] org.apache.catalina.startup.VersionLoggerListener.log Command line argument: -Dignore.endorsed.dirs=
08-Jan-2024 22:11:37.945 INFO [main] org.apache.catalina.startup.VersionLoggerListener.log Command line argument: -Dcatalina.base=/Users/christophewang/Desktop/SIA-Midterm/apache-tomcat-9.0.82
08-Jan-2024 22:11:37.945 INFO [main] org.apache.catalina.startup.VersionLoggerListener.log Command line argument: -Dcatalina.home=/Users/christophewang/Desktop/SIA-Midterm/apache-tomcat-9.0.82
08-Jan-2024 22:11:37.945 INFO [main] org.apache.catalina.startup.VersionLoggerListener.log Command line argument: -Djava.io.tmpdir=/Users/christophewang/Desktop/SIA-Midterm/apache-tomcat-9.0.82/temp
08-Jan-2024 22:11:37.952 INFO [main] org.apache.catalina.core.AprLifecycleListener.lifecycleEvent The Apache Tomcat Native library which allows using OpenSSL was not found on the java.library.path: [/Users/christophewang/Library/Java/Extensions:/Library/Java/Extensions:/Network/Library/Java/Extensions:/System/Library/Java/Extensions:/usr/lib/java:.]
08-Jan-2024 22:11:38.197 INFO [main] org.apache.coyote.AbstractProtocol.init Initializing ProtocolHandler ["http-nio-8088"]
08-Jan-2024 22:11:38.219 INFO [main] org.apache.catalina.startup.Catalina.load Server initialization in [378] milliseconds
08-Jan-2024 22:11:38.237 INFO [main] org.apache.catalina.core.StandardService.startInternal Starting service [Catalina]
08-Jan-2024 22:11:38.237 INFO [main] org.apache.catalina.core.StandardEngine.startInternal Starting Servlet engine: [Apache Tomcat/9.0.82]
08-Jan-2024 22:11:38.246 INFO [main] org.apache.catalina.startup.HostConfig.deployWAR Deploying web application archive [/Users/christophewang/Desktop/SIA-Midterm/apache-tomcat-9.0.82/webapps/axis2.war]
08-Jan-2024 22:11:40.035 INFO [main] org.apache.jasper.servlet.TldScanner.scanJars At least one JAR was scanned for TLDs yet contained no TLDs. Enable debug logging for this logger for a complete list of JARs that were scanned but no TLDs were found in them. Skipping unneeded JARs during scanning can improve startup time and JSP compilation time.
08-Jan-2024 22:11:40.725 INFO [main] org.apache.catalina.startup.HostConfig.deployWAR Deployment of web application archive [/Users/christophewang/Desktop/SIA-Midterm/apache-tomcat-9.0.82/webapps/axis2.war] has finished in [2,478] ms
08-Jan-2024 22:11:40.725 INFO [main] org.apache.catalina.startup.HostConfig.deployDirectory Deploying web application directory [/Users/christophewang/Desktop/SIA-Midterm/apache-tomcat-9.0.82/webapps/docs]
08-Jan-2024 22:11:40.858 INFO [main] org.apache.jasper.servlet.TldScanner.scanJars At least one JAR was scanned for TLDs yet contained no TLDs. Enable debug logging for this logger for a complete list of JARs that were scanned but no TLDs were found in them. Skipping unneeded JARs during scanning can improve startup time and JSP compilation time.
08-Jan-2024 22:11:40.859 INFO [main] org.apache.catalina.startup.HostConfig.deployDirectory Deployment of web application directory [/Users/christophewang/Desktop/SIA-Midterm/apache-tomcat-9.0.82/webapps/docs] has finished in [134] ms
08-Jan-2024 22:11:40.859 INFO [main] org.apache.catalina.startup.HostConfig.deployDirectory Deploying web application directory [/Users/christophewang/Desktop/SIA-Midterm/apache-tomcat-9.0.82/webapps/manager]
08-Jan-2024 22:11:40.994 INFO [main] org.apache.jasper.servlet.TldScanner.scanJars At least one JAR was scanned for TLDs yet contained no TLDs. Enable debug logging for this logger for a complete list of JARs that were scanned but no TLDs were found in them. Skipping unneeded JARs during scanning can improve startup time and JSP compilation time.
08-Jan-2024 22:11:40.997 INFO [main] org.apache.catalina.startup.HostConfig.deployDirectory Deployment of web application directory [/Users/christophewang/Desktop/SIA-Midterm/apache-tomcat-9.0.82/webapps/manager] has finished in [138] ms
08-Jan-2024 22:11:40.997 INFO [main] org.apache.catalina.startup.HostConfig.deployDirectory Deploying web application directory [/Users/christophewang/Desktop/SIA-Midterm/apache-tomcat-9.0.82/webapps/examples]
08-Jan-2024 22:11:41.196 INFO [main] org.apache.jasper.servlet.TldScanner.scanJars At least one JAR was scanned for TLDs yet contained no TLDs. Enable debug logging for this logger for a complete list of JARs that were scanned but no TLDs were found in them. Skipping unneeded JARs during scanning can improve startup time and JSP compilation time.
08-Jan-2024 22:11:41.203 INFO [main] org.apache.catalina.startup.HostConfig.deployDirectory Deployment of web application directory [/Users/christophewang/Desktop/SIA-Midterm/apache-tomcat-9.0.82/webapps/examples] has finished in [206] ms
08-Jan-2024 22:11:41.204 INFO [main] org.apache.catalina.startup.HostConfig.deployDirectory Deploying web application directory [/Users/christophewang/Desktop/SIA-Midterm/apache-tomcat-9.0.82/webapps/ROOT]
08-Jan-2024 22:11:41.341 INFO [main] org.apache.jasper.servlet.TldScanner.scanJars At least one JAR was scanned for TLDs yet contained no TLDs. Enable debug logging for this logger for a complete list of JARs that were scanned but no TLDs were found in them. Skipping unneeded JARs during scanning can improve startup time and JSP compilation time.
08-Jan-2024 22:11:41.342 INFO [main] org.apache.catalina.startup.HostConfig.deployDirectory Deployment of web application directory [/Users/christophewang/Desktop/SIA-Midterm/apache-tomcat-9.0.82/webapps/ROOT] has finished in [139] ms
08-Jan-2024 22:11:41.343 INFO [main] org.apache.catalina.startup.HostConfig.deployDirectory Deploying web application directory [/Users/christophewang/Desktop/SIA-Midterm/apache-tomcat-9.0.82/webapps/host-manager]
08-Jan-2024 22:11:41.481 INFO [main] org.apache.jasper.servlet.TldScanner.scanJars At least one JAR was scanned for TLDs yet contained no TLDs. Enable debug logging for this logger for a complete list of JARs that were scanned but no TLDs were found in them. Skipping unneeded JARs during scanning can improve startup time and JSP compilation time.
08-Jan-2024 22:11:41.482 INFO [main] org.apache.catalina.startup.HostConfig.deployDirectory Deployment of web application directory [/Users/christophewang/Desktop/SIA-Midterm/apache-tomcat-9.0.82/webapps/host-manager] has finished in [140] ms
08-Jan-2024 22:11:41.484 INFO [main] org.apache.coyote.AbstractProtocol.start Starting ProtocolHandler ["http-nio-8088"]
08-Jan-2024 22:11:41.490 INFO [main] org.apache.catalina.startup.Catalina.start Server startup in [3271] milliseconds
08-Jan-2024 22:15:23.011 INFO [main] org.apache.catalina.startup.VersionLoggerListener.log Server version name:   Apache Tomcat/9.0.82
08-Jan-2024 22:15:23.013 INFO [main] org.apache.catalina.startup.VersionLoggerListener.log Server built:          Oct 11 2023 13:15:08 UTC
08-Jan-2024 22:15:23.013 INFO [main] org.apache.catalina.startup.VersionLoggerListener.log Server version number: 9.0.82.0
08-Jan-2024 22:15:23.013 INFO [main] org.apache.catalina.startup.VersionLoggerListener.log OS Name:               Mac OS X
08-Jan-2024 22:15:23.013 INFO [main] org.apache.catalina.startup.VersionLoggerListener.log OS Version:            14.2.1
08-Jan-2024 22:15:23.013 INFO [main] org.apache.catalina.startup.VersionLoggerListener.log Architecture:          aarch64
08-Jan-2024 22:15:23.013 INFO [main] org.apache.catalina.startup.VersionLoggerListener.log Java Home:             /Library/Internet Plug-Ins/JavaAppletPlugin.plugin/Contents/Home
08-Jan-2024 22:15:23.013 INFO [main] org.apache.catalina.startup.VersionLoggerListener.log JVM Version:           1.8.0_381-b09
08-Jan-2024 22:15:23.013 INFO [main] org.apache.catalina.startup.VersionLoggerListener.log JVM Vendor:            Oracle Corporation
08-Jan-2024 22:15:23.013 INFO [main] org.apache.catalina.startup.VersionLoggerListener.log CATALINA_BASE:         /Users/christophewang/Desktop/SIA-Midterm/apache-tomcat-9.0.82
08-Jan-2024 22:15:23.013 INFO [main] org.apache.catalina.startup.VersionLoggerListener.log CATALINA_HOME:         /Users/christophewang/Desktop/SIA-Midterm/apache-tomcat-9.0.82
08-Jan-2024 22:15:23.015 INFO [main] org.apache.catalina.startup.VersionLoggerListener.log Command line argument: -Djava.util.logging.config.file=/Users/christophewang/Desktop/SIA-Midterm/apache-tomcat-9.0.82/conf/logging.properties
08-Jan-2024 22:15:23.015 INFO [main] org.apache.catalina.startup.VersionLoggerListener.log Command line argument: -Djava.util.logging.manager=org.apache.juli.ClassLoaderLogManager
08-Jan-2024 22:15:23.015 INFO [main] org.apache.catalina.startup.VersionLoggerListener.log Command line argument: -Djdk.tls.ephemeralDHKeySize=2048
08-Jan-2024 22:15:23.015 INFO [main] org.apache.catalina.startup.VersionLoggerListener.log Command line argument: -Djava.protocol.handler.pkgs=org.apache.catalina.webresources
08-Jan-2024 22:15:23.015 INFO [main] org.apache.catalina.startup.VersionLoggerListener.log Command line argument: -Dorg.apache.catalina.security.SecurityListener.UMASK=0027
08-Jan-2024 22:15:23.015 INFO [main] org.apache.catalina.startup.VersionLoggerListener.log Command line argument: -Dignore.endorsed.dirs=
08-Jan-2024 22:15:23.015 INFO [main] org.apache.catalina.startup.VersionLoggerListener.log Command line argument: -Dcatalina.base=/Users/christophewang/Desktop/SIA-Midterm/apache-tomcat-9.0.82
08-Jan-2024 22:15:23.015 INFO [main] org.apache.catalina.startup.VersionLoggerListener.log Command line argument: -Dcatalina.home=/Users/christophewang/Desktop/SIA-Midterm/apache-tomcat-9.0.82
08-Jan-2024 22:15:23.015 INFO [main] org.apache.catalina.startup.VersionLoggerListener.log Command line argument: -Djava.io.tmpdir=/Users/christophewang/Desktop/SIA-Midterm/apache-tomcat-9.0.82/temp
08-Jan-2024 22:15:23.022 INFO [main] org.apache.catalina.core.AprLifecycleListener.lifecycleEvent The Apache Tomcat Native library which allows using OpenSSL was not found on the java.library.path: [/Users/christophewang/Library/Java/Extensions:/Library/Java/Extensions:/Network/Library/Java/Extensions:/System/Library/Java/Extensions:/usr/lib/java:.]
08-Jan-2024 22:15:23.268 INFO [main] org.apache.coyote.AbstractProtocol.init Initializing ProtocolHandler ["http-nio-8088"]
08-Jan-2024 22:15:23.288 INFO [main] org.apache.catalina.startup.Catalina.load Server initialization in [378] milliseconds
08-Jan-2024 22:15:23.307 INFO [main] org.apache.catalina.core.StandardService.startInternal Starting service [Catalina]
08-Jan-2024 22:15:23.307 INFO [main] org.apache.catalina.core.StandardEngine.startInternal Starting Servlet engine: [Apache Tomcat/9.0.82]
08-Jan-2024 22:15:23.317 INFO [main] org.apache.catalina.startup.HostConfig.deployWAR Deploying web application archive [/Users/christophewang/Desktop/SIA-Midterm/apache-tomcat-9.0.82/webapps/axis2.war]
08-Jan-2024 22:15:25.366 INFO [main] org.apache.jasper.servlet.TldScanner.scanJars At least one JAR was scanned for TLDs yet contained no TLDs. Enable debug logging for this logger for a complete list of JARs that were scanned but no TLDs were found in them. Skipping unneeded JARs during scanning can improve startup time and JSP compilation time.
08-Jan-2024 22:15:26.079 INFO [main] org.apache.catalina.startup.HostConfig.deployWAR Deployment of web application archive [/Users/christophewang/Desktop/SIA-Midterm/apache-tomcat-9.0.82/webapps/axis2.war] has finished in [2,761] ms
08-Jan-2024 22:15:26.079 INFO [main] org.apache.catalina.startup.HostConfig.deployDirectory Deploying web application directory [/Users/christophewang/Desktop/SIA-Midterm/apache-tomcat-9.0.82/webapps/docs]
08-Jan-2024 22:15:26.212 INFO [main] org.apache.jasper.servlet.TldScanner.scanJars At least one JAR was scanned for TLDs yet contained no TLDs. Enable debug logging for this logger for a complete list of JARs that were scanned but no TLDs were found in them. Skipping unneeded JARs during scanning can improve startup time and JSP compilation time.
08-Jan-2024 22:15:26.213 INFO [main] org.apache.catalina.startup.HostConfig.deployDirectory Deployment of web application directory [/Users/christophewang/Desktop/SIA-Midterm/apache-tomcat-9.0.82/webapps/docs] has finished in [134] ms
08-Jan-2024 22:15:26.213 INFO [main] org.apache.catalina.startup.HostConfig.deployDirectory Deploying web application directory [/Users/christophewang/Desktop/SIA-Midterm/apache-tomcat-9.0.82/webapps/manager]
08-Jan-2024 22:15:26.347 INFO [main] org.apache.jasper.servlet.TldScanner.scanJars At least one JAR was scanned for TLDs yet contained no TLDs. Enable debug logging for this logger for a complete list of JARs that were scanned but no TLDs were found in them. Skipping unneeded JARs during scanning can improve startup time and JSP compilation time.
08-Jan-2024 22:15:26.350 INFO [main] org.apache.catalina.startup.HostConfig.deployDirectory Deployment of web application directory [/Users/christophewang/Desktop/SIA-Midterm/apache-tomcat-9.0.82/webapps/manager] has finished in [137] ms
08-Jan-2024 22:15:26.350 INFO [main] org.apache.catalina.startup.HostConfig.deployDirectory Deploying web application directory [/Users/christophewang/Desktop/SIA-Midterm/apache-tomcat-9.0.82/webapps/examples]
08-Jan-2024 22:15:26.560 INFO [main] org.apache.jasper.servlet.TldScanner.scanJars At least one JAR was scanned for TLDs yet contained no TLDs. Enable debug logging for this logger for a complete list of JARs that were scanned but no TLDs were found in them. Skipping unneeded JARs during scanning can improve startup time and JSP compilation time.
08-Jan-2024 22:15:26.567 INFO [main] org.apache.catalina.startup.HostConfig.deployDirectory Deployment of web application directory [/Users/christophewang/Desktop/SIA-Midterm/apache-tomcat-9.0.82/webapps/examples] has finished in [217] ms
08-Jan-2024 22:15:26.567 INFO [main] org.apache.catalina.startup.HostConfig.deployDirectory Deploying web application directory [/Users/christophewang/Desktop/SIA-Midterm/apache-tomcat-9.0.82/webapps/ROOT]
08-Jan-2024 22:15:26.707 INFO [main] org.apache.jasper.servlet.TldScanner.scanJars At least one JAR was scanned for TLDs yet contained no TLDs. Enable debug logging for this logger for a complete list of JARs that were scanned but no TLDs were found in them. Skipping unneeded JARs during scanning can improve startup time and JSP compilation time.
08-Jan-2024 22:15:26.708 INFO [main] org.apache.catalina.startup.HostConfig.deployDirectory Deployment of web application directory [/Users/christophewang/Desktop/SIA-Midterm/apache-tomcat-9.0.82/webapps/ROOT] has finished in [141] ms
08-Jan-2024 22:15:26.708 INFO [main] org.apache.catalina.startup.HostConfig.deployDirectory Deploying web application directory [/Users/christophewang/Desktop/SIA-Midterm/apache-tomcat-9.0.82/webapps/host-manager]
08-Jan-2024 22:15:26.847 INFO [main] org.apache.jasper.servlet.TldScanner.scanJars At least one JAR was scanned for TLDs yet contained no TLDs. Enable debug logging for this logger for a complete list of JARs that were scanned but no TLDs were found in them. Skipping unneeded JARs during scanning can improve startup time and JSP compilation time.
08-Jan-2024 22:15:26.848 INFO [main] org.apache.catalina.startup.HostConfig.deployDirectory Deployment of web application directory [/Users/christophewang/Desktop/SIA-Midterm/apache-tomcat-9.0.82/webapps/host-manager] has finished in [140] ms
08-Jan-2024 22:15:26.850 INFO [main] org.apache.coyote.AbstractProtocol.start Starting ProtocolHandler ["http-nio-8088"]
08-Jan-2024 22:15:26.857 INFO [main] org.apache.catalina.startup.Catalina.start Server startup in [3569] milliseconds
08-Jan-2024 22:16:16.243 INFO [main] org.apache.catalina.startup.VersionLoggerListener.log Server version name:   Apache Tomcat/9.0.82
08-Jan-2024 22:16:16.245 INFO [main] org.apache.catalina.startup.VersionLoggerListener.log Server built:          Oct 11 2023 13:15:08 UTC
08-Jan-2024 22:16:16.245 INFO [main] org.apache.catalina.startup.VersionLoggerListener.log Server version number: 9.0.82.0
08-Jan-2024 22:16:16.245 INFO [main] org.apache.catalina.startup.VersionLoggerListener.log OS Name:               Mac OS X
08-Jan-2024 22:16:16.245 INFO [main] org.apache.catalina.startup.VersionLoggerListener.log OS Version:            14.2.1
08-Jan-2024 22:16:16.245 INFO [main] org.apache.catalina.startup.VersionLoggerListener.log Architecture:          aarch64
08-Jan-2024 22:16:16.245 INFO [main] org.apache.catalina.startup.VersionLoggerListener.log Java Home:             /Library/Internet Plug-Ins/JavaAppletPlugin.plugin/Contents/Home
08-Jan-2024 22:16:16.245 INFO [main] org.apache.catalina.startup.VersionLoggerListener.log JVM Version:           1.8.0_381-b09
08-Jan-2024 22:16:16.245 INFO [main] org.apache.catalina.startup.VersionLoggerListener.log JVM Vendor:            Oracle Corporation
08-Jan-2024 22:16:16.245 INFO [main] org.apache.catalina.startup.VersionLoggerListener.log CATALINA_BASE:         /Users/christophewang/Desktop/SIA-Midterm/apache-tomcat-9.0.82
08-Jan-2024 22:16:16.245 INFO [main] org.apache.catalina.startup.VersionLoggerListener.log CATALINA_HOME:         /Users/christophewang/Desktop/SIA-Midterm/apache-tomcat-9.0.82
08-Jan-2024 22:16:16.247 INFO [main] org.apache.catalina.startup.VersionLoggerListener.log Command line argument: -Djava.util.logging.config.file=/Users/christophewang/Desktop/SIA-Midterm/apache-tomcat-9.0.82/conf/logging.properties
08-Jan-2024 22:16:16.247 INFO [main] org.apache.catalina.startup.VersionLoggerListener.log Command line argument: -Djava.util.logging.manager=org.apache.juli.ClassLoaderLogManager
08-Jan-2024 22:16:16.247 INFO [main] org.apache.catalina.startup.VersionLoggerListener.log Command line argument: -Djdk.tls.ephemeralDHKeySize=2048
08-Jan-2024 22:16:16.247 INFO [main] org.apache.catalina.startup.VersionLoggerListener.log Command line argument: -Djava.protocol.handler.pkgs=org.apache.catalina.webresources
08-Jan-2024 22:16:16.247 INFO [main] org.apache.catalina.startup.VersionLoggerListener.log Command line argument: -Dorg.apache.catalina.security.SecurityListener.UMASK=0027
08-Jan-2024 22:16:16.247 INFO [main] org.apache.catalina.startup.VersionLoggerListener.log Command line argument: -Dignore.endorsed.dirs=
08-Jan-2024 22:16:16.247 INFO [main] org.apache.catalina.startup.VersionLoggerListener.log Command line argument: -Dcatalina.base=/Users/christophewang/Desktop/SIA-Midterm/apache-tomcat-9.0.82
08-Jan-2024 22:16:16.247 INFO [main] org.apache.catalina.startup.VersionLoggerListener.log Command line argument: -Dcatalina.home=/Users/christophewang/Desktop/SIA-Midterm/apache-tomcat-9.0.82
08-Jan-2024 22:16:16.247 INFO [main] org.apache.catalina.startup.VersionLoggerListener.log Command line argument: -Djava.io.tmpdir=/Users/christophewang/Desktop/SIA-Midterm/apache-tomcat-9.0.82/temp
08-Jan-2024 22:16:16.254 INFO [main] org.apache.catalina.core.AprLifecycleListener.lifecycleEvent The Apache Tomcat Native library which allows using OpenSSL was not found on the java.library.path: [/Users/christophewang/Library/Java/Extensions:/Library/Java/Extensions:/Network/Library/Java/Extensions:/System/Library/Java/Extensions:/usr/lib/java:.]
08-Jan-2024 22:16:16.501 INFO [main] org.apache.coyote.AbstractProtocol.init Initializing ProtocolHandler ["http-nio-8088"]
08-Jan-2024 22:16:16.523 INFO [main] org.apache.catalina.startup.Catalina.load Server initialization in [380] milliseconds
08-Jan-2024 22:16:16.544 INFO [main] org.apache.catalina.core.StandardService.startInternal Starting service [Catalina]
08-Jan-2024 22:16:16.545 INFO [main] org.apache.catalina.core.StandardEngine.startInternal Starting Servlet engine: [Apache Tomcat/9.0.82]
08-Jan-2024 22:16:16.555 INFO [main] org.apache.catalina.startup.HostConfig.deployWAR Deploying web application archive [/Users/christophewang/Desktop/SIA-Midterm/apache-tomcat-9.0.82/webapps/axis2.war]
08-Jan-2024 22:16:18.460 INFO [main] org.apache.jasper.servlet.TldScanner.scanJars At least one JAR was scanned for TLDs yet contained no TLDs. Enable debug logging for this logger for a complete list of JARs that were scanned but no TLDs were found in them. Skipping unneeded JARs during scanning can improve startup time and JSP compilation time.
08-Jan-2024 22:16:19.150 INFO [main] org.apache.catalina.startup.HostConfig.deployWAR Deployment of web application archive [/Users/christophewang/Desktop/SIA-Midterm/apache-tomcat-9.0.82/webapps/axis2.war] has finished in [2,594] ms
08-Jan-2024 22:16:19.150 INFO [main] org.apache.catalina.startup.HostConfig.deployDirectory Deploying web application directory [/Users/christophewang/Desktop/SIA-Midterm/apache-tomcat-9.0.82/webapps/docs]
08-Jan-2024 22:16:19.284 INFO [main] org.apache.jasper.servlet.TldScanner.scanJars At least one JAR was scanned for TLDs yet contained no TLDs. Enable debug logging for this logger for a complete list of JARs that were scanned but no TLDs were found in them. Skipping unneeded JARs during scanning can improve startup time and JSP compilation time.
08-Jan-2024 22:16:19.286 INFO [main] org.apache.catalina.startup.HostConfig.deployDirectory Deployment of web application directory [/Users/christophewang/Desktop/SIA-Midterm/apache-tomcat-9.0.82/webapps/docs] has finished in [135] ms
08-Jan-2024 22:16:19.286 INFO [main] org.apache.catalina.startup.HostConfig.deployDirectory Deploying web application directory [/Users/christophewang/Desktop/SIA-Midterm/apache-tomcat-9.0.82/webapps/manager]
08-Jan-2024 22:16:19.421 INFO [main] org.apache.jasper.servlet.TldScanner.scanJars At least one JAR was scanned for TLDs yet contained no TLDs. Enable debug logging for this logger for a complete list of JARs that were scanned but no TLDs were found in them. Skipping unneeded JARs during scanning can improve startup time and JSP compilation time.
08-Jan-2024 22:16:19.424 INFO [main] org.apache.catalina.startup.HostConfig.deployDirectory Deployment of web application directory [/Users/christophewang/Desktop/SIA-Midterm/apache-tomcat-9.0.82/webapps/manager] has finished in [138] ms
08-Jan-2024 22:16:19.424 INFO [main] org.apache.catalina.startup.HostConfig.deployDirectory Deploying web application directory [/Users/christophewang/Desktop/SIA-Midterm/apache-tomcat-9.0.82/webapps/examples]
08-Jan-2024 22:16:19.633 INFO [main] org.apache.jasper.servlet.TldScanner.scanJars At least one JAR was scanned for TLDs yet contained no TLDs. Enable debug logging for this logger for a complete list of JARs that were scanned but no TLDs were found in them. Skipping unneeded JARs during scanning can improve startup time and JSP compilation time.
08-Jan-2024 22:16:19.639 INFO [main] org.apache.catalina.startup.HostConfig.deployDirectory Deployment of web application directory [/Users/christophewang/Desktop/SIA-Midterm/apache-tomcat-9.0.82/webapps/examples] has finished in [215] ms
08-Jan-2024 22:16:19.639 INFO [main] org.apache.catalina.startup.HostConfig.deployDirectory Deploying web application directory [/Users/christophewang/Desktop/SIA-Midterm/apache-tomcat-9.0.82/webapps/ROOT]
08-Jan-2024 22:16:19.779 INFO [main] org.apache.jasper.servlet.TldScanner.scanJars At least one JAR was scanned for TLDs yet contained no TLDs. Enable debug logging for this logger for a complete list of JARs that were scanned but no TLDs were found in them. Skipping unneeded JARs during scanning can improve startup time and JSP compilation time.
08-Jan-2024 22:16:19.780 INFO [main] org.apache.catalina.startup.HostConfig.deployDirectory Deployment of web application directory [/Users/christophewang/Desktop/SIA-Midterm/apache-tomcat-9.0.82/webapps/ROOT] has finished in [141] ms
08-Jan-2024 22:16:19.780 INFO [main] org.apache.catalina.startup.HostConfig.deployDirectory Deploying web application directory [/Users/christophewang/Desktop/SIA-Midterm/apache-tomcat-9.0.82/webapps/host-manager]
08-Jan-2024 22:16:19.920 INFO [main] org.apache.jasper.servlet.TldScanner.scanJars At least one JAR was scanned for TLDs yet contained no TLDs. Enable debug logging for this logger for a complete list of JARs that were scanned but no TLDs were found in them. Skipping unneeded JARs during scanning can improve startup time and JSP compilation time.
08-Jan-2024 22:16:19.921 INFO [main] org.apache.catalina.startup.HostConfig.deployDirectory Deployment of web application directory [/Users/christophewang/Desktop/SIA-Midterm/apache-tomcat-9.0.82/webapps/host-manager] has finished in [141] ms
08-Jan-2024 22:16:19.922 INFO [main] org.apache.coyote.AbstractProtocol.start Starting ProtocolHandler ["http-nio-8088"]
08-Jan-2024 22:16:19.929 INFO [main] org.apache.catalina.startup.Catalina.start Server startup in [3405] milliseconds
08-Jan-2024 22:21:15.618 INFO [main] org.apache.catalina.startup.VersionLoggerListener.log Server version name:   Apache Tomcat/9.0.82
08-Jan-2024 22:21:15.620 INFO [main] org.apache.catalina.startup.VersionLoggerListener.log Server built:          Oct 11 2023 13:15:08 UTC
08-Jan-2024 22:21:15.620 INFO [main] org.apache.catalina.startup.VersionLoggerListener.log Server version number: 9.0.82.0
08-Jan-2024 22:21:15.620 INFO [main] org.apache.catalina.startup.VersionLoggerListener.log OS Name:               Mac OS X
08-Jan-2024 22:21:15.620 INFO [main] org.apache.catalina.startup.VersionLoggerListener.log OS Version:            14.2.1
08-Jan-2024 22:21:15.620 INFO [main] org.apache.catalina.startup.VersionLoggerListener.log Architecture:          aarch64
08-Jan-2024 22:21:15.620 INFO [main] org.apache.catalina.startup.VersionLoggerListener.log Java Home:             /Library/Internet Plug-Ins/JavaAppletPlugin.plugin/Contents/Home
08-Jan-2024 22:21:15.620 INFO [main] org.apache.catalina.startup.VersionLoggerListener.log JVM Version:           1.8.0_381-b09
08-Jan-2024 22:21:15.621 INFO [main] org.apache.catalina.startup.VersionLoggerListener.log JVM Vendor:            Oracle Corporation
08-Jan-2024 22:21:15.621 INFO [main] org.apache.catalina.startup.VersionLoggerListener.log CATALINA_BASE:         /Users/christophewang/Desktop/SIA-Midterm/apache-tomcat-9.0.82
08-Jan-2024 22:21:15.621 INFO [main] org.apache.catalina.startup.VersionLoggerListener.log CATALINA_HOME:         /Users/christophewang/Desktop/SIA-Midterm/apache-tomcat-9.0.82
08-Jan-2024 22:21:15.622 INFO [main] org.apache.catalina.startup.VersionLoggerListener.log Command line argument: -Djava.util.logging.config.file=/Users/christophewang/Desktop/SIA-Midterm/apache-tomcat-9.0.82/conf/logging.properties
08-Jan-2024 22:21:15.622 INFO [main] org.apache.catalina.startup.VersionLoggerListener.log Command line argument: -Djava.util.logging.manager=org.apache.juli.ClassLoaderLogManager
08-Jan-2024 22:21:15.622 INFO [main] org.apache.catalina.startup.VersionLoggerListener.log Command line argument: -Djdk.tls.ephemeralDHKeySize=2048
08-Jan-2024 22:21:15.622 INFO [main] org.apache.catalina.startup.VersionLoggerListener.log Command line argument: -Djava.protocol.handler.pkgs=org.apache.catalina.webresources
08-Jan-2024 22:21:15.622 INFO [main] org.apache.catalina.startup.VersionLoggerListener.log Command line argument: -Dorg.apache.catalina.security.SecurityListener.UMASK=0027
08-Jan-2024 22:21:15.622 INFO [main] org.apache.catalina.startup.VersionLoggerListener.log Command line argument: -Dignore.endorsed.dirs=
08-Jan-2024 22:21:15.622 INFO [main] org.apache.catalina.startup.VersionLoggerListener.log Command line argument: -Dcatalina.base=/Users/christophewang/Desktop/SIA-Midterm/apache-tomcat-9.0.82
08-Jan-2024 22:21:15.622 INFO [main] org.apache.catalina.startup.VersionLoggerListener.log Command line argument: -Dcatalina.home=/Users/christophewang/Desktop/SIA-Midterm/apache-tomcat-9.0.82
08-Jan-2024 22:21:15.622 INFO [main] org.apache.catalina.startup.VersionLoggerListener.log Command line argument: -Djava.io.tmpdir=/Users/christophewang/Desktop/SIA-Midterm/apache-tomcat-9.0.82/temp
08-Jan-2024 22:21:15.629 INFO [main] org.apache.catalina.core.AprLifecycleListener.lifecycleEvent The Apache Tomcat Native library which allows using OpenSSL was not found on the java.library.path: [/Users/christophewang/Library/Java/Extensions:/Library/Java/Extensions:/Network/Library/Java/Extensions:/System/Library/Java/Extensions:/usr/lib/java:.]
08-Jan-2024 22:21:15.876 INFO [main] org.apache.coyote.AbstractProtocol.init Initializing ProtocolHandler ["http-nio-8088"]
08-Jan-2024 22:21:15.895 INFO [main] org.apache.catalina.startup.Catalina.load Server initialization in [379] milliseconds
08-Jan-2024 22:21:15.915 INFO [main] org.apache.catalina.core.StandardService.startInternal Starting service [Catalina]
08-Jan-2024 22:21:15.915 INFO [main] org.apache.catalina.core.StandardEngine.startInternal Starting Servlet engine: [Apache Tomcat/9.0.82]
08-Jan-2024 22:21:15.925 INFO [main] org.apache.catalina.startup.HostConfig.deployWAR Deploying web application archive [/Users/christophewang/Desktop/SIA-Midterm/apache-tomcat-9.0.82/webapps/axis2.war]
08-Jan-2024 22:21:17.957 INFO [main] org.apache.jasper.servlet.TldScanner.scanJars At least one JAR was scanned for TLDs yet contained no TLDs. Enable debug logging for this logger for a complete list of JARs that were scanned but no TLDs were found in them. Skipping unneeded JARs during scanning can improve startup time and JSP compilation time.
08-Jan-2024 22:21:18.672 INFO [main] org.apache.catalina.startup.HostConfig.deployWAR Deployment of web application archive [/Users/christophewang/Desktop/SIA-Midterm/apache-tomcat-9.0.82/webapps/axis2.war] has finished in [2,746] ms
08-Jan-2024 22:21:18.672 INFO [main] org.apache.catalina.startup.HostConfig.deployDirectory Deploying web application directory [/Users/christophewang/Desktop/SIA-Midterm/apache-tomcat-9.0.82/webapps/docs]
08-Jan-2024 22:21:18.805 INFO [main] org.apache.jasper.servlet.TldScanner.scanJars At least one JAR was scanned for TLDs yet contained no TLDs. Enable debug logging for this logger for a complete list of JARs that were scanned but no TLDs were found in them. Skipping unneeded JARs during scanning can improve startup time and JSP compilation time.
08-Jan-2024 22:21:18.806 INFO [main] org.apache.catalina.startup.HostConfig.deployDirectory Deployment of web application directory [/Users/christophewang/Desktop/SIA-Midterm/apache-tomcat-9.0.82/webapps/docs] has finished in [134] ms
08-Jan-2024 22:21:18.806 INFO [main] org.apache.catalina.startup.HostConfig.deployDirectory Deploying web application directory [/Users/christophewang/Desktop/SIA-Midterm/apache-tomcat-9.0.82/webapps/manager]
08-Jan-2024 22:21:18.940 INFO [main] org.apache.jasper.servlet.TldScanner.scanJars At least one JAR was scanned for TLDs yet contained no TLDs. Enable debug logging for this logger for a complete list of JARs that were scanned but no TLDs were found in them. Skipping unneeded JARs during scanning can improve startup time and JSP compilation time.
08-Jan-2024 22:21:18.942 INFO [main] org.apache.catalina.startup.HostConfig.deployDirectory Deployment of web application directory [/Users/christophewang/Desktop/SIA-Midterm/apache-tomcat-9.0.82/webapps/manager] has finished in [136] ms
08-Jan-2024 22:21:18.942 INFO [main] org.apache.catalina.startup.HostConfig.deployDirectory Deploying web application directory [/Users/christophewang/Desktop/SIA-Midterm/apache-tomcat-9.0.82/webapps/examples]
08-Jan-2024 22:21:19.151 INFO [main] org.apache.jasper.servlet.TldScanner.scanJars At least one JAR was scanned for TLDs yet contained no TLDs. Enable debug logging for this logger for a complete list of JARs that were scanned but no TLDs were found in them. Skipping unneeded JARs during scanning can improve startup time and JSP compilation time.
08-Jan-2024 22:21:19.159 INFO [main] org.apache.catalina.startup.HostConfig.deployDirectory Deployment of web application directory [/Users/christophewang/Desktop/SIA-Midterm/apache-tomcat-9.0.82/webapps/examples] has finished in [217] ms
08-Jan-2024 22:21:19.159 INFO [main] org.apache.catalina.startup.HostConfig.deployDirectory Deploying web application directory [/Users/christophewang/Desktop/SIA-Midterm/apache-tomcat-9.0.82/webapps/ROOT]
08-Jan-2024 22:21:19.296 INFO [main] org.apache.jasper.servlet.TldScanner.scanJars At least one JAR was scanned for TLDs yet contained no TLDs. Enable debug logging for this logger for a complete list of JARs that were scanned but no TLDs were found in them. Skipping unneeded JARs during scanning can improve startup time and JSP compilation time.
08-Jan-2024 22:21:19.297 INFO [main] org.apache.catalina.startup.HostConfig.deployDirectory Deployment of web application directory [/Users/christophewang/Desktop/SIA-Midterm/apache-tomcat-9.0.82/webapps/ROOT] has finished in [138] ms
08-Jan-2024 22:21:19.297 INFO [main] org.apache.catalina.startup.HostConfig.deployDirectory Deploying web application directory [/Users/christophewang/Desktop/SIA-Midterm/apache-tomcat-9.0.82/webapps/host-manager]
08-Jan-2024 22:21:19.437 INFO [main] org.apache.jasper.servlet.TldScanner.scanJars At least one JAR was scanned for TLDs yet contained no TLDs. Enable debug logging for this logger for a complete list of JARs that were scanned but no TLDs were found in them. Skipping unneeded JARs during scanning can improve startup time and JSP compilation time.
08-Jan-2024 22:21:19.438 INFO [main] org.apache.catalina.startup.HostConfig.deployDirectory Deployment of web application directory [/Users/christophewang/Desktop/SIA-Midterm/apache-tomcat-9.0.82/webapps/host-manager] has finished in [141] ms
08-Jan-2024 22:21:19.440 INFO [main] org.apache.coyote.AbstractProtocol.start Starting ProtocolHandler ["http-nio-8088"]
08-Jan-2024 22:21:19.447 INFO [main] org.apache.catalina.startup.Catalina.start Server startup in [3551] milliseconds
08-Jan-2024 23:06:13.131 INFO [Thread-5] org.apache.coyote.AbstractProtocol.pause Pausing ProtocolHandler ["http-nio-8088"]
08-Jan-2024 23:06:13.137 INFO [Thread-5] org.apache.catalina.core.StandardService.stopInternal Stopping service [Catalina]
08-Jan-2024 23:06:13.280 INFO [Thread-5] org.apache.coyote.AbstractProtocol.stop Stopping ProtocolHandler ["http-nio-8088"]
08-Jan-2024 23:06:13.295 INFO [Thread-5] org.apache.coyote.AbstractProtocol.destroy Destroying ProtocolHandler ["http-nio-8088"]
