03-Jan-2024 21:51:52.657 INFO [main] org.apache.catalina.core.ApplicationContext.log ContextListener: contextInitialized()
03-Jan-2024 21:51:52.657 INFO [main] org.apache.catalina.core.ApplicationContext.log SessionListener: contextInitialized()
03-Jan-2024 21:51:52.658 INFO [main] org.apache.catalina.core.ApplicationContext.log ContextListener: attributeAdded('StockTicker', 'async.Stockticker@72f3f14c')
03-Jan-2024 22:02:57.645 INFO [main] org.apache.catalina.core.ApplicationContext.log ContextListener: contextInitialized()
03-Jan-2024 22:02:57.645 INFO [main] org.apache.catalina.core.ApplicationContext.log SessionListener: contextInitialized()
03-Jan-2024 22:02:57.645 INFO [main] org.apache.catalina.core.ApplicationContext.log ContextListener: attributeAdded('StockTicker', 'async.Stockticker@6ac756b')
03-Jan-2024 22:02:57.713 INFO [main] org.apache.catalina.core.ApplicationContext.log SessionListener: contextDestroyed()
03-Jan-2024 22:02:57.713 INFO [main] org.apache.catalina.core.ApplicationContext.log ContextListener: contextDestroyed()
03-Jan-2024 22:04:00.229 INFO [main] org.apache.catalina.core.ApplicationContext.log ContextListener: contextInitialized()
03-Jan-2024 22:04:00.229 INFO [main] org.apache.catalina.core.ApplicationContext.log SessionListener: contextInitialized()
03-Jan-2024 22:04:00.230 INFO [main] org.apache.catalina.core.ApplicationContext.log ContextListener: attributeAdded('StockTicker', 'async.Stockticker@70d5d96b')
03-Jan-2024 22:05:20.705 INFO [Thread-4] org.apache.catalina.core.ApplicationContext.log SessionListener: contextDestroyed()
03-Jan-2024 22:05:20.706 INFO [Thread-4] org.apache.catalina.core.ApplicationContext.log ContextListener: contextDestroyed()
03-Jan-2024 22:05:28.873 INFO [main] org.apache.catalina.core.ApplicationContext.log ContextListener: contextInitialized()
03-Jan-2024 22:05:28.874 INFO [main] org.apache.catalina.core.ApplicationContext.log SessionListener: contextInitialized()
03-Jan-2024 22:05:28.875 INFO [main] org.apache.catalina.core.ApplicationContext.log ContextListener: attributeAdded('StockTicker', 'async.Stockticker@70d5d96b')
03-Jan-2024 22:05:32.096 INFO [main] org.apache.catalina.core.ApplicationContext.log ContextListener: contextInitialized()
03-Jan-2024 22:05:32.097 INFO [main] org.apache.catalina.core.ApplicationContext.log SessionListener: contextInitialized()
03-Jan-2024 22:05:32.098 INFO [main] org.apache.catalina.core.ApplicationContext.log ContextListener: attributeAdded('StockTicker', 'async.Stockticker@70d5d96b')
03-Jan-2024 22:05:32.171 INFO [main] org.apache.catalina.core.ApplicationContext.log SessionListener: contextDestroyed()
03-Jan-2024 22:05:32.171 INFO [main] org.apache.catalina.core.ApplicationContext.log ContextListener: contextDestroyed()
03-Jan-2024 22:06:06.875 INFO [main] org.apache.catalina.core.ApplicationContext.log ContextListener: contextInitialized()
03-Jan-2024 22:06:06.875 INFO [main] org.apache.catalina.core.ApplicationContext.log SessionListener: contextInitialized()
03-Jan-2024 22:06:06.876 INFO [main] org.apache.catalina.core.ApplicationContext.log ContextListener: attributeAdded('StockTicker', 'async.Stockticker@6501b105')
03-Jan-2024 22:06:30.739 INFO [Thread-4] org.apache.catalina.core.ApplicationContext.log SessionListener: contextDestroyed()
03-Jan-2024 22:06:30.739 INFO [Thread-4] org.apache.catalina.core.ApplicationContext.log ContextListener: contextDestroyed()
03-Jan-2024 22:07:08.623 INFO [main] org.apache.catalina.core.ApplicationContext.log ContextListener: contextInitialized()
03-Jan-2024 22:07:08.623 INFO [main] org.apache.catalina.core.ApplicationContext.log SessionListener: contextInitialized()
03-Jan-2024 22:07:08.623 INFO [main] org.apache.catalina.core.ApplicationContext.log ContextListener: attributeAdded('StockTicker', 'async.Stockticker@2a631049')
03-Jan-2024 22:08:44.291 INFO [Thread-4] org.apache.catalina.core.ApplicationContext.log SessionListener: contextDestroyed()
03-Jan-2024 22:08:44.291 INFO [Thread-4] org.apache.catalina.core.ApplicationContext.log ContextListener: contextDestroyed()
03-Jan-2024 22:08:53.021 INFO [main] org.apache.catalina.core.ApplicationContext.log ContextListener: contextInitialized()
03-Jan-2024 22:08:53.021 INFO [main] org.apache.catalina.core.ApplicationContext.log SessionListener: contextInitialized()
03-Jan-2024 22:08:53.022 INFO [main] org.apache.catalina.core.ApplicationContext.log ContextListener: attributeAdded('StockTicker', 'async.Stockticker@2a631049')
03-Jan-2024 22:12:43.473 INFO [Thread-4] org.apache.catalina.core.ApplicationContext.log SessionListener: contextDestroyed()
03-Jan-2024 22:12:43.473 INFO [Thread-4] org.apache.catalina.core.ApplicationContext.log ContextListener: contextDestroyed()
03-Jan-2024 22:13:01.804 INFO [main] org.apache.catalina.core.ApplicationContext.log ContextListener: contextInitialized()
03-Jan-2024 22:13:01.805 INFO [main] org.apache.catalina.core.ApplicationContext.log SessionListener: contextInitialized()
03-Jan-2024 22:13:01.806 INFO [main] org.apache.catalina.core.ApplicationContext.log ContextListener: attributeAdded('StockTicker', 'async.Stockticker@410382cb')
03-Jan-2024 22:15:24.115 INFO [Thread-4] org.apache.catalina.core.ApplicationContext.log SessionListener: contextDestroyed()
03-Jan-2024 22:15:24.115 INFO [Thread-4] org.apache.catalina.core.ApplicationContext.log ContextListener: contextDestroyed()
