07-Jan-2024 14:46:52.059 INFOS [main] org.apache.catalina.core.ApplicationContext.log ContextListener: contextInitialized()
07-Jan-2024 14:46:52.059 INFOS [main] org.apache.catalina.core.ApplicationContext.log SessionListener: contextInitialized()
07-Jan-2024 14:46:52.064 INFOS [main] org.apache.catalina.core.ApplicationContext.log ContextListener: attributeAdded('StockTicker', 'async.Stockticker@221b9c2b')
07-Jan-2024 14:49:36.648 INFOS [main] org.apache.catalina.core.ApplicationContext.log ContextListener: contextInitialized()
07-Jan-2024 14:49:36.648 INFOS [main] org.apache.catalina.core.ApplicationContext.log SessionListener: contextInitialized()
07-Jan-2024 14:49:36.649 INFOS [main] org.apache.catalina.core.ApplicationContext.log ContextListener: attributeAdded('StockTicker', 'async.Stockticker@221b9c2b')
07-Jan-2024 14:50:39.136 INFOS [main] org.apache.catalina.core.ApplicationContext.log ContextListener: contextInitialized()
07-Jan-2024 14:50:39.137 INFOS [main] org.apache.catalina.core.ApplicationContext.log SessionListener: contextInitialized()
07-Jan-2024 14:50:39.139 INFOS [main] org.apache.catalina.core.ApplicationContext.log ContextListener: attributeAdded('StockTicker', 'async.Stockticker@38c38c5a')
07-Jan-2024 14:52:39.941 INFOS [main] org.apache.catalina.core.ApplicationContext.log ContextListener: contextInitialized()
07-Jan-2024 14:52:39.941 INFOS [main] org.apache.catalina.core.ApplicationContext.log SessionListener: contextInitialized()
07-Jan-2024 14:52:39.942 INFOS [main] org.apache.catalina.core.ApplicationContext.log ContextListener: attributeAdded('StockTicker', 'async.Stockticker@221b9c2b')
07-Jan-2024 17:08:21.002 INFOS [main] org.apache.catalina.core.ApplicationContext.log ContextListener: contextInitialized()
07-Jan-2024 17:08:21.002 INFOS [main] org.apache.catalina.core.ApplicationContext.log SessionListener: contextInitialized()
07-Jan-2024 17:08:21.003 INFOS [main] org.apache.catalina.core.ApplicationContext.log ContextListener: attributeAdded('StockTicker', 'async.Stockticker@5e5d41dc')
07-Jan-2024 17:29:45.353 INFOS [main] org.apache.catalina.core.ApplicationContext.log ContextListener: contextInitialized()
07-Jan-2024 17:29:45.353 INFOS [main] org.apache.catalina.core.ApplicationContext.log SessionListener: contextInitialized()
07-Jan-2024 17:29:45.354 INFOS [main] org.apache.catalina.core.ApplicationContext.log ContextListener: attributeAdded('StockTicker', 'async.Stockticker@5e5d41dc')
07-Jan-2024 17:30:44.821 INFOS [main] org.apache.catalina.core.ApplicationContext.log ContextListener: contextInitialized()
07-Jan-2024 17:30:44.821 INFOS [main] org.apache.catalina.core.ApplicationContext.log SessionListener: contextInitialized()
07-Jan-2024 17:30:44.825 INFOS [main] org.apache.catalina.core.ApplicationContext.log ContextListener: attributeAdded('StockTicker', 'async.Stockticker@5e5d41dc')
07-Jan-2024 17:31:09.042 INFOS [main] org.apache.catalina.core.ApplicationContext.log ContextListener: contextInitialized()
07-Jan-2024 17:31:09.042 INFOS [main] org.apache.catalina.core.ApplicationContext.log SessionListener: contextInitialized()
07-Jan-2024 17:31:09.043 INFOS [main] org.apache.catalina.core.ApplicationContext.log ContextListener: attributeAdded('StockTicker', 'async.Stockticker@b8f6500')
07-Jan-2024 17:31:31.834 INFOS [main] org.apache.catalina.core.ApplicationContext.log ContextListener: contextInitialized()
07-Jan-2024 17:31:31.834 INFOS [main] org.apache.catalina.core.ApplicationContext.log SessionListener: contextInitialized()
07-Jan-2024 17:31:31.835 INFOS [main] org.apache.catalina.core.ApplicationContext.log ContextListener: attributeAdded('StockTicker', 'async.Stockticker@b8f6500')
07-Jan-2024 17:51:00.673 INFOS [main] org.apache.catalina.core.ApplicationContext.log ContextListener: contextInitialized()
07-Jan-2024 17:51:00.673 INFOS [main] org.apache.catalina.core.ApplicationContext.log SessionListener: contextInitialized()
07-Jan-2024 17:51:00.674 INFOS [main] org.apache.catalina.core.ApplicationContext.log ContextListener: attributeAdded('StockTicker', 'async.Stockticker@b8f6500')
07-Jan-2024 17:52:58.030 INFOS [main] org.apache.catalina.core.ApplicationContext.log ContextListener: contextInitialized()
07-Jan-2024 17:52:58.030 INFOS [main] org.apache.catalina.core.ApplicationContext.log SessionListener: contextInitialized()
07-Jan-2024 17:52:58.031 INFOS [main] org.apache.catalina.core.ApplicationContext.log ContextListener: attributeAdded('StockTicker', 'async.Stockticker@b8f6500')
07-Jan-2024 18:16:03.607 INFOS [main] org.apache.catalina.core.ApplicationContext.log ContextListener: contextInitialized()
07-Jan-2024 18:16:03.608 INFOS [main] org.apache.catalina.core.ApplicationContext.log SessionListener: contextInitialized()
07-Jan-2024 18:16:03.609 INFOS [main] org.apache.catalina.core.ApplicationContext.log ContextListener: attributeAdded('StockTicker', 'async.Stockticker@b8f6500')
07-Jan-2024 18:18:22.748 INFOS [main] org.apache.catalina.core.ApplicationContext.log ContextListener: contextInitialized()
07-Jan-2024 18:18:22.748 INFOS [main] org.apache.catalina.core.ApplicationContext.log SessionListener: contextInitialized()
07-Jan-2024 18:18:22.749 INFOS [main] org.apache.catalina.core.ApplicationContext.log ContextListener: attributeAdded('StockTicker', 'async.Stockticker@4f3eddc0')
07-Jan-2024 18:18:22.801 INFOS [main] org.apache.catalina.core.ApplicationContext.log SessionListener: contextDestroyed()
07-Jan-2024 18:18:22.801 INFOS [main] org.apache.catalina.core.ApplicationContext.log ContextListener: contextDestroyed()
07-Jan-2024 18:18:42.196 INFOS [main] org.apache.catalina.core.ApplicationContext.log ContextListener: contextInitialized()
07-Jan-2024 18:18:42.196 INFOS [main] org.apache.catalina.core.ApplicationContext.log SessionListener: contextInitialized()
07-Jan-2024 18:18:42.197 INFOS [main] org.apache.catalina.core.ApplicationContext.log ContextListener: attributeAdded('StockTicker', 'async.Stockticker@4f3eddc0')
07-Jan-2024 18:18:42.278 INFOS [main] org.apache.catalina.core.ApplicationContext.log SessionListener: contextDestroyed()
07-Jan-2024 18:18:42.278 INFOS [main] org.apache.catalina.core.ApplicationContext.log ContextListener: contextDestroyed()
07-Jan-2024 18:19:09.445 INFOS [main] org.apache.catalina.core.ApplicationContext.log ContextListener: contextInitialized()
07-Jan-2024 18:19:09.445 INFOS [main] org.apache.catalina.core.ApplicationContext.log SessionListener: contextInitialized()
07-Jan-2024 18:19:09.446 INFOS [main] org.apache.catalina.core.ApplicationContext.log ContextListener: attributeAdded('StockTicker', 'async.Stockticker@b8f6500')
07-Jan-2024 18:21:01.251 INFOS [Thread-5] org.apache.catalina.core.ApplicationContext.log SessionListener: contextDestroyed()
07-Jan-2024 18:21:01.252 INFOS [Thread-5] org.apache.catalina.core.ApplicationContext.log ContextListener: contextDestroyed()
07-Jan-2024 18:21:17.281 INFOS [main] org.apache.catalina.core.ApplicationContext.log ContextListener: contextInitialized()
07-Jan-2024 18:21:17.281 INFOS [main] org.apache.catalina.core.ApplicationContext.log SessionListener: contextInitialized()
07-Jan-2024 18:21:17.283 INFOS [main] org.apache.catalina.core.ApplicationContext.log ContextListener: attributeAdded('StockTicker', 'async.Stockticker@b8f6500')
07-Jan-2024 18:23:28.546 INFOS [main] org.apache.catalina.core.ApplicationContext.log ContextListener: contextInitialized()
07-Jan-2024 18:23:28.546 INFOS [main] org.apache.catalina.core.ApplicationContext.log SessionListener: contextInitialized()
07-Jan-2024 18:23:28.547 INFOS [main] org.apache.catalina.core.ApplicationContext.log ContextListener: attributeAdded('StockTicker', 'async.Stockticker@b8f6500')
07-Jan-2024 18:24:50.374 INFOS [main] org.apache.catalina.core.ApplicationContext.log ContextListener: contextInitialized()
07-Jan-2024 18:24:50.374 INFOS [main] org.apache.catalina.core.ApplicationContext.log SessionListener: contextInitialized()
07-Jan-2024 18:24:50.375 INFOS [main] org.apache.catalina.core.ApplicationContext.log ContextListener: attributeAdded('StockTicker', 'async.Stockticker@550a78ed')
07-Jan-2024 18:26:53.653 INFOS [main] org.apache.catalina.core.ApplicationContext.log ContextListener: contextInitialized()
07-Jan-2024 18:26:53.653 INFOS [main] org.apache.catalina.core.ApplicationContext.log SessionListener: contextInitialized()
07-Jan-2024 18:26:53.654 INFOS [main] org.apache.catalina.core.ApplicationContext.log ContextListener: attributeAdded('StockTicker', 'async.Stockticker@550a78ed')
07-Jan-2024 18:28:00.272 INFOS [Thread-5] org.apache.catalina.core.ApplicationContext.log SessionListener: contextDestroyed()
07-Jan-2024 18:28:00.272 INFOS [Thread-5] org.apache.catalina.core.ApplicationContext.log ContextListener: contextDestroyed()
07-Jan-2024 18:28:13.691 INFOS [main] org.apache.catalina.core.ApplicationContext.log ContextListener: contextInitialized()
07-Jan-2024 18:28:13.691 INFOS [main] org.apache.catalina.core.ApplicationContext.log SessionListener: contextInitialized()
07-Jan-2024 18:28:13.692 INFOS [main] org.apache.catalina.core.ApplicationContext.log ContextListener: attributeAdded('StockTicker', 'async.Stockticker@550a78ed')
07-Jan-2024 18:28:45.287 INFOS [Thread-5] org.apache.catalina.core.ApplicationContext.log SessionListener: contextDestroyed()
07-Jan-2024 18:28:45.287 INFOS [Thread-5] org.apache.catalina.core.ApplicationContext.log ContextListener: contextDestroyed()
07-Jan-2024 18:28:53.554 INFOS [main] org.apache.catalina.core.ApplicationContext.log ContextListener: contextInitialized()
07-Jan-2024 18:28:53.555 INFOS [main] org.apache.catalina.core.ApplicationContext.log SessionListener: contextInitialized()
07-Jan-2024 18:28:53.556 INFOS [main] org.apache.catalina.core.ApplicationContext.log ContextListener: attributeAdded('StockTicker', 'async.Stockticker@550a78ed')
07-Jan-2024 18:29:16.279 INFOS [Thread-5] org.apache.catalina.core.ApplicationContext.log SessionListener: contextDestroyed()
07-Jan-2024 18:29:16.279 INFOS [Thread-5] org.apache.catalina.core.ApplicationContext.log ContextListener: contextDestroyed()
07-Jan-2024 18:29:24.779 INFOS [main] org.apache.catalina.core.ApplicationContext.log ContextListener: contextInitialized()
07-Jan-2024 18:29:24.779 INFOS [main] org.apache.catalina.core.ApplicationContext.log SessionListener: contextInitialized()
07-Jan-2024 18:29:24.781 INFOS [main] org.apache.catalina.core.ApplicationContext.log ContextListener: attributeAdded('StockTicker', 'async.Stockticker@550a78ed')
07-Jan-2024 18:30:35.330 INFOS [Thread-5] org.apache.catalina.core.ApplicationContext.log SessionListener: contextDestroyed()
07-Jan-2024 18:30:35.331 INFOS [Thread-5] org.apache.catalina.core.ApplicationContext.log ContextListener: contextDestroyed()
07-Jan-2024 18:30:42.221 INFOS [main] org.apache.catalina.core.ApplicationContext.log ContextListener: contextInitialized()
07-Jan-2024 18:30:42.221 INFOS [main] org.apache.catalina.core.ApplicationContext.log SessionListener: contextInitialized()
07-Jan-2024 18:30:42.222 INFOS [main] org.apache.catalina.core.ApplicationContext.log ContextListener: attributeAdded('StockTicker', 'async.Stockticker@550a78ed')
07-Jan-2024 18:30:51.889 INFOS [Thread-5] org.apache.catalina.core.ApplicationContext.log SessionListener: contextDestroyed()
07-Jan-2024 18:30:51.890 INFOS [Thread-5] org.apache.catalina.core.ApplicationContext.log ContextListener: contextDestroyed()
07-Jan-2024 18:31:06.628 INFOS [main] org.apache.catalina.core.ApplicationContext.log ContextListener: contextInitialized()
07-Jan-2024 18:31:06.628 INFOS [main] org.apache.catalina.core.ApplicationContext.log SessionListener: contextInitialized()
07-Jan-2024 18:31:06.629 INFOS [main] org.apache.catalina.core.ApplicationContext.log ContextListener: attributeAdded('StockTicker', 'async.Stockticker@550a78ed')
07-Jan-2024 18:32:05.859 INFOS [main] org.apache.catalina.core.ApplicationContext.log ContextListener: contextInitialized()
07-Jan-2024 18:32:05.859 INFOS [main] org.apache.catalina.core.ApplicationContext.log SessionListener: contextInitialized()
07-Jan-2024 18:32:05.861 INFOS [main] org.apache.catalina.core.ApplicationContext.log ContextListener: attributeAdded('StockTicker', 'async.Stockticker@550a78ed')
07-Jan-2024 18:34:26.956 INFOS [Thread-5] org.apache.catalina.core.ApplicationContext.log SessionListener: contextDestroyed()
07-Jan-2024 18:34:26.956 INFOS [Thread-5] org.apache.catalina.core.ApplicationContext.log ContextListener: contextDestroyed()
07-Jan-2024 18:34:42.284 INFOS [main] org.apache.catalina.core.ApplicationContext.log ContextListener: contextInitialized()
07-Jan-2024 18:34:42.284 INFOS [main] org.apache.catalina.core.ApplicationContext.log SessionListener: contextInitialized()
07-Jan-2024 18:34:42.285 INFOS [main] org.apache.catalina.core.ApplicationContext.log ContextListener: attributeAdded('StockTicker', 'async.Stockticker@b8f6500')
07-Jan-2024 18:35:40.414 INFOS [Thread-5] org.apache.catalina.core.ApplicationContext.log SessionListener: contextDestroyed()
07-Jan-2024 18:35:40.414 INFOS [Thread-5] org.apache.catalina.core.ApplicationContext.log ContextListener: contextDestroyed()
07-Jan-2024 18:35:53.294 INFOS [main] org.apache.catalina.core.ApplicationContext.log ContextListener: contextInitialized()
07-Jan-2024 18:35:53.294 INFOS [main] org.apache.catalina.core.ApplicationContext.log SessionListener: contextInitialized()
07-Jan-2024 18:35:53.297 INFOS [main] org.apache.catalina.core.ApplicationContext.log ContextListener: attributeAdded('StockTicker', 'async.Stockticker@550a78ed')
07-Jan-2024 18:37:21.737 INFOS [Thread-5] org.apache.catalina.core.ApplicationContext.log SessionListener: contextDestroyed()
07-Jan-2024 18:37:21.737 INFOS [Thread-5] org.apache.catalina.core.ApplicationContext.log ContextListener: contextDestroyed()
07-Jan-2024 18:37:54.017 INFOS [main] org.apache.catalina.core.ApplicationContext.log ContextListener: contextInitialized()
07-Jan-2024 18:37:54.017 INFOS [main] org.apache.catalina.core.ApplicationContext.log SessionListener: contextInitialized()
07-Jan-2024 18:37:54.018 INFOS [main] org.apache.catalina.core.ApplicationContext.log ContextListener: attributeAdded('StockTicker', 'async.Stockticker@550a78ed')
07-Jan-2024 18:39:14.997 INFOS [Thread-5] org.apache.catalina.core.ApplicationContext.log SessionListener: contextDestroyed()
07-Jan-2024 18:39:14.997 INFOS [Thread-5] org.apache.catalina.core.ApplicationContext.log ContextListener: contextDestroyed()
07-Jan-2024 18:39:27.636 INFOS [main] org.apache.catalina.core.ApplicationContext.log ContextListener: contextInitialized()
07-Jan-2024 18:39:27.636 INFOS [main] org.apache.catalina.core.ApplicationContext.log SessionListener: contextInitialized()
07-Jan-2024 18:39:27.637 INFOS [main] org.apache.catalina.core.ApplicationContext.log ContextListener: attributeAdded('StockTicker', 'async.Stockticker@550a78ed')
07-Jan-2024 18:40:43.360 INFOS [Thread-5] org.apache.catalina.core.ApplicationContext.log SessionListener: contextDestroyed()
07-Jan-2024 18:40:43.360 INFOS [Thread-5] org.apache.catalina.core.ApplicationContext.log ContextListener: contextDestroyed()
07-Jan-2024 18:40:55.244 INFOS [main] org.apache.catalina.core.ApplicationContext.log ContextListener: contextInitialized()
07-Jan-2024 18:40:55.244 INFOS [main] org.apache.catalina.core.ApplicationContext.log SessionListener: contextInitialized()
07-Jan-2024 18:40:55.246 INFOS [main] org.apache.catalina.core.ApplicationContext.log ContextListener: attributeAdded('StockTicker', 'async.Stockticker@550a78ed')
07-Jan-2024 18:42:34.108 INFOS [Thread-5] org.apache.catalina.core.ApplicationContext.log SessionListener: contextDestroyed()
07-Jan-2024 18:42:34.108 INFOS [Thread-5] org.apache.catalina.core.ApplicationContext.log ContextListener: contextDestroyed()
07-Jan-2024 18:42:47.053 INFOS [main] org.apache.catalina.core.ApplicationContext.log ContextListener: contextInitialized()
07-Jan-2024 18:42:47.054 INFOS [main] org.apache.catalina.core.ApplicationContext.log SessionListener: contextInitialized()
07-Jan-2024 18:42:47.055 INFOS [main] org.apache.catalina.core.ApplicationContext.log ContextListener: attributeAdded('StockTicker', 'async.Stockticker@550a78ed')
07-Jan-2024 18:43:35.401 INFOS [Thread-5] org.apache.catalina.core.ApplicationContext.log SessionListener: contextDestroyed()
07-Jan-2024 18:43:35.401 INFOS [Thread-5] org.apache.catalina.core.ApplicationContext.log ContextListener: contextDestroyed()
07-Jan-2024 18:44:29.996 INFOS [main] org.apache.catalina.core.ApplicationContext.log ContextListener: contextInitialized()
07-Jan-2024 18:44:29.996 INFOS [main] org.apache.catalina.core.ApplicationContext.log SessionListener: contextInitialized()
07-Jan-2024 18:44:29.997 INFOS [main] org.apache.catalina.core.ApplicationContext.log ContextListener: attributeAdded('StockTicker', 'async.Stockticker@b8f6500')
07-Jan-2024 18:47:00.569 INFOS [Thread-5] org.apache.catalina.core.ApplicationContext.log SessionListener: contextDestroyed()
07-Jan-2024 18:47:00.569 INFOS [Thread-5] org.apache.catalina.core.ApplicationContext.log ContextListener: contextDestroyed()
07-Jan-2024 18:47:14.365 INFOS [main] org.apache.catalina.core.ApplicationContext.log ContextListener: contextInitialized()
07-Jan-2024 18:47:14.366 INFOS [main] org.apache.catalina.core.ApplicationContext.log SessionListener: contextInitialized()
07-Jan-2024 18:47:14.367 INFOS [main] org.apache.catalina.core.ApplicationContext.log ContextListener: attributeAdded('StockTicker', 'async.Stockticker@9f7a8cc')
07-Jan-2024 18:47:59.209 INFOS [Thread-5] org.apache.catalina.core.ApplicationContext.log SessionListener: contextDestroyed()
07-Jan-2024 18:47:59.210 INFOS [Thread-5] org.apache.catalina.core.ApplicationContext.log ContextListener: contextDestroyed()
07-Jan-2024 18:48:14.918 INFOS [main] org.apache.catalina.core.ApplicationContext.log ContextListener: contextInitialized()
07-Jan-2024 18:48:14.918 INFOS [main] org.apache.catalina.core.ApplicationContext.log SessionListener: contextInitialized()
07-Jan-2024 18:48:14.920 INFOS [main] org.apache.catalina.core.ApplicationContext.log ContextListener: attributeAdded('StockTicker', 'async.Stockticker@2a6ca8d0')
07-Jan-2024 21:18:51.243 INFOS [main] org.apache.catalina.core.ApplicationContext.log ContextListener: contextInitialized()
07-Jan-2024 21:18:51.243 INFOS [main] org.apache.catalina.core.ApplicationContext.log SessionListener: contextInitialized()
07-Jan-2024 21:18:51.244 INFOS [main] org.apache.catalina.core.ApplicationContext.log ContextListener: attributeAdded('StockTicker', 'async.Stockticker@689b792e')
07-Jan-2024 21:21:33.663 INFOS [main] org.apache.catalina.core.ApplicationContext.log ContextListener: contextInitialized()
07-Jan-2024 21:21:33.663 INFOS [main] org.apache.catalina.core.ApplicationContext.log SessionListener: contextInitialized()
07-Jan-2024 21:21:33.665 INFOS [main] org.apache.catalina.core.ApplicationContext.log ContextListener: attributeAdded('StockTicker', 'async.Stockticker@4e1c256f')
