08-Jan-2024 19:35:28.904 INFOS [main] org.apache.catalina.core.ApplicationContext.log ContextListener: contextInitialized()
08-Jan-2024 19:35:28.904 INFOS [main] org.apache.catalina.core.ApplicationContext.log SessionListener: contextInitialized()
08-Jan-2024 19:35:28.906 INFOS [main] org.apache.catalina.core.ApplicationContext.log ContextListener: attributeAdded('StockTicker', 'async.Stockticker@4e1c256f')
08-Jan-2024 21:15:53.580 INFOS [main] org.apache.catalina.core.ApplicationContext.log ContextListener: contextInitialized()
08-Jan-2024 21:15:53.580 INFOS [main] org.apache.catalina.core.ApplicationContext.log SessionListener: contextInitialized()
08-Jan-2024 21:15:53.581 INFOS [main] org.apache.catalina.core.ApplicationContext.log ContextListener: attributeAdded('StockTicker', 'async.Stockticker@689b792e')
08-Jan-2024 21:24:47.503 INFOS [main] org.apache.catalina.core.ApplicationContext.log ContextListener: contextInitialized()
08-Jan-2024 21:24:47.503 INFOS [main] org.apache.catalina.core.ApplicationContext.log SessionListener: contextInitialized()
08-Jan-2024 21:24:47.504 INFOS [main] org.apache.catalina.core.ApplicationContext.log ContextListener: attributeAdded('StockTicker', 'async.Stockticker@689b792e')
<<<<<<< HEAD
08-Jan-2024 22:09:52.115 INFO [main] org.apache.catalina.core.ApplicationContext.log ContextListener: contextInitialized()
08-Jan-2024 22:09:52.115 INFO [main] org.apache.catalina.core.ApplicationContext.log SessionListener: contextInitialized()
08-Jan-2024 22:09:52.116 INFO [main] org.apache.catalina.core.ApplicationContext.log ContextListener: attributeAdded('StockTicker', 'async.Stockticker@481b7c3a')
08-Jan-2024 22:11:41.199 INFO [main] org.apache.catalina.core.ApplicationContext.log ContextListener: contextInitialized()
08-Jan-2024 22:11:41.199 INFO [main] org.apache.catalina.core.ApplicationContext.log SessionListener: contextInitialized()
08-Jan-2024 22:11:41.200 INFO [main] org.apache.catalina.core.ApplicationContext.log ContextListener: attributeAdded('StockTicker', 'async.Stockticker@481b7c3a')
08-Jan-2024 22:15:26.563 INFO [main] org.apache.catalina.core.ApplicationContext.log ContextListener: contextInitialized()
08-Jan-2024 22:15:26.563 INFO [main] org.apache.catalina.core.ApplicationContext.log SessionListener: contextInitialized()
08-Jan-2024 22:15:26.564 INFO [main] org.apache.catalina.core.ApplicationContext.log ContextListener: attributeAdded('StockTicker', 'async.Stockticker@481b7c3a')
08-Jan-2024 22:16:19.636 INFO [main] org.apache.catalina.core.ApplicationContext.log ContextListener: contextInitialized()
08-Jan-2024 22:16:19.636 INFO [main] org.apache.catalina.core.ApplicationContext.log SessionListener: contextInitialized()
08-Jan-2024 22:16:19.637 INFO [main] org.apache.catalina.core.ApplicationContext.log ContextListener: attributeAdded('StockTicker', 'async.Stockticker@481b7c3a')
08-Jan-2024 22:21:19.155 INFO [main] org.apache.catalina.core.ApplicationContext.log ContextListener: contextInitialized()
08-Jan-2024 22:21:19.155 INFO [main] org.apache.catalina.core.ApplicationContext.log SessionListener: contextInitialized()
08-Jan-2024 22:21:19.156 INFO [main] org.apache.catalina.core.ApplicationContext.log ContextListener: attributeAdded('StockTicker', 'async.Stockticker@481b7c3a')
08-Jan-2024 23:06:13.273 INFO [Thread-5] org.apache.catalina.core.ApplicationContext.log SessionListener: contextDestroyed()
08-Jan-2024 23:06:13.273 INFO [Thread-5] org.apache.catalina.core.ApplicationContext.log ContextListener: contextDestroyed()
=======
08-Jan-2024 22:32:41.023 INFOS [main] org.apache.catalina.core.ApplicationContext.log ContextListener: contextInitialized()
08-Jan-2024 22:32:41.023 INFOS [main] org.apache.catalina.core.ApplicationContext.log SessionListener: contextInitialized()
08-Jan-2024 22:32:41.025 INFOS [main] org.apache.catalina.core.ApplicationContext.log ContextListener: attributeAdded('StockTicker', 'async.Stockticker@689b792e')
08-Jan-2024 23:47:27.645 INFOS [main] org.apache.catalina.core.ApplicationContext.log ContextListener: contextInitialized()
08-Jan-2024 23:47:27.645 INFOS [main] org.apache.catalina.core.ApplicationContext.log SessionListener: contextInitialized()
08-Jan-2024 23:47:27.647 INFOS [main] org.apache.catalina.core.ApplicationContext.log ContextListener: attributeAdded('StockTicker', 'async.Stockticker@689b792e')
08-Jan-2024 23:49:21.884 INFOS [main] org.apache.catalina.core.ApplicationContext.log ContextListener: contextInitialized()
08-Jan-2024 23:49:21.884 INFOS [main] org.apache.catalina.core.ApplicationContext.log SessionListener: contextInitialized()
08-Jan-2024 23:49:21.886 INFOS [main] org.apache.catalina.core.ApplicationContext.log ContextListener: attributeAdded('StockTicker', 'async.Stockticker@689b792e')
08-Jan-2024 23:51:06.592 INFOS [main] org.apache.catalina.core.ApplicationContext.log ContextListener: contextInitialized()
08-Jan-2024 23:51:06.592 INFOS [main] org.apache.catalina.core.ApplicationContext.log SessionListener: contextInitialized()
08-Jan-2024 23:51:06.594 INFOS [main] org.apache.catalina.core.ApplicationContext.log ContextListener: attributeAdded('StockTicker', 'async.Stockticker@4e1c256f')
08-Jan-2024 23:59:56.685 INFOS [main] org.apache.catalina.core.ApplicationContext.log ContextListener: contextInitialized()
08-Jan-2024 23:59:56.685 INFOS [main] org.apache.catalina.core.ApplicationContext.log SessionListener: contextInitialized()
08-Jan-2024 23:59:56.687 INFOS [main] org.apache.catalina.core.ApplicationContext.log ContextListener: attributeAdded('StockTicker', 'async.Stockticker@689b792e')
>>>>>>> 26b8579fdb093bdbb726e6861386688b9550cb68
