04-Jan-2024 13:37:22.033 INFOS [main] org.apache.catalina.core.ApplicationContext.log ContextListener: contextInitialized()
04-Jan-2024 13:37:22.033 INFOS [main] org.apache.catalina.core.ApplicationContext.log SessionListener: contextInitialized()
04-Jan-2024 13:37:22.033 INFOS [main] org.apache.catalina.core.ApplicationContext.log ContextListener: attributeAdded('StockTicker', 'async.Stockticker@299b9851')
04-Jan-2024 13:40:52.684 GRAVE [Catalina-utility-2] org.apache.catalina.core.ApplicationContext.log La servlet [AxisAdminServlet] a généré une exception "unload()"
	javax.servlet.ServletException: "Servlet.destroy()" de la servlet [AxisAdminServlet] a généré une exception
		at org.apache.catalina.core.StandardWrapper.unload(StandardWrapper.java:1268)
		at org.apache.catalina.core.StandardWrapper.stopInternal(StandardWrapper.java:1544)
		at org.apache.catalina.util.LifecycleBase.stop(LifecycleBase.java:242)
		at org.apache.catalina.core.StandardContext.stopInternal(StandardContext.java:5135)
		at org.apache.catalina.util.LifecycleBase.stop(LifecycleBase.java:242)
		at org.apache.catalina.core.ContainerBase.removeChild(ContainerBase.java:766)
		at org.apache.catalina.startup.HostConfig.undeploy(HostConfig.java:1465)
		at org.apache.catalina.startup.HostConfig.checkResources(HostConfig.java:1390)
		at org.apache.catalina.startup.HostConfig.check(HostConfig.java:1653)
		at org.apache.catalina.startup.HostConfig.lifecycleEvent(HostConfig.java:314)
		at org.apache.catalina.util.LifecycleBase.fireLifecycleEvent(LifecycleBase.java:114)
		at org.apache.catalina.core.ContainerBase.backgroundProcess(ContainerBase.java:1098)
		at org.apache.catalina.core.ContainerBase$ContainerBackgroundProcessor.processChildren(ContainerBase.java:1301)
		at org.apache.catalina.core.ContainerBase$ContainerBackgroundProcessor.processChildren(ContainerBase.java:1305)
		at org.apache.catalina.core.ContainerBase$ContainerBackgroundProcessor.run(ContainerBase.java:1283)
		at java.util.concurrent.Executors$RunnableAdapter.call(Executors.java:511)
		at java.util.concurrent.FutureTask.runAndReset(FutureTask.java:308)
		at java.util.concurrent.ScheduledThreadPoolExecutor$ScheduledFutureTask.access$301(ScheduledThreadPoolExecutor.java:180)
		at java.util.concurrent.ScheduledThreadPoolExecutor$ScheduledFutureTask.run(ScheduledThreadPoolExecutor.java:294)
		at java.util.concurrent.ThreadPoolExecutor.runWorker(ThreadPoolExecutor.java:1149)
		at java.util.concurrent.ThreadPoolExecutor$Worker.run(ThreadPoolExecutor.java:624)
		at org.apache.tomcat.util.threads.TaskThread$WrappingRunnable.run(TaskThread.java:61)
		at java.lang.Thread.run(Thread.java:748)
	Caused by: java.lang.IllegalStateException: java.io.FileNotFoundException: /Users/boujams/Desktop/Smiyou/ENSIIE/2A/SIA/SIA-Midterm/apache-tomcat-9.0.82/webapps/Train_Booking/WEB-INF/lib/axis2-soapmonitor-servlet-1.6.2.jar (No such file or directory)
		at org.apache.catalina.webresources.AbstractSingleArchiveResourceSet.getArchiveEntry(AbstractSingleArchiveResourceSet.java:100)
		at org.apache.catalina.webresources.AbstractArchiveResourceSet.getResource(AbstractArchiveResourceSet.java:249)
		at org.apache.catalina.webresources.StandardRoot.getResourceInternal(StandardRoot.java:272)
		at org.apache.catalina.webresources.Cache.getResource(Cache.java:64)
		at org.apache.catalina.webresources.StandardRoot.getResource(StandardRoot.java:211)
		at org.apache.catalina.webresources.StandardRoot.getClassLoaderResource(StandardRoot.java:220)
		at org.apache.catalina.loader.WebappClassLoaderBase.findClassInternal(WebappClassLoaderBase.java:2220)
		at org.apache.catalina.loader.WebappClassLoaderBase.findClass(WebappClassLoaderBase.java:810)
		at org.apache.catalina.loader.WebappClassLoaderBase.loadClass(WebappClassLoaderBase.java:1293)
		at org.apache.catalina.loader.WebappClassLoaderBase.loadClass(WebappClassLoaderBase.java:1141)
		at org.apache.axis2.deployment.DeploymentEngine.cleanup(DeploymentEngine.java:1374)
		at org.apache.axis2.scripting.ScriptModule.shutdown(ScriptModule.java:110)
		at org.apache.axis2.context.ConfigurationContext.shutdownModulesAndServices(ConfigurationContext.java:747)
		at org.apache.axis2.context.ConfigurationContext.terminate(ConfigurationContext.java:775)
		at org.apache.axis2.transport.http.AxisServlet.destroy(AxisServlet.java:528)
		at org.apache.catalina.core.StandardWrapper.unload(StandardWrapper.java:1258)
		... 22 more
	Caused by: java.io.FileNotFoundException: /Users/boujams/Desktop/Smiyou/ENSIIE/2A/SIA/SIA-Midterm/apache-tomcat-9.0.82/webapps/Train_Booking/WEB-INF/lib/axis2-soapmonitor-servlet-1.6.2.jar (No such file or directory)
		at java.util.zip.ZipFile.open(Native Method)
		at java.util.zip.ZipFile.<init>(ZipFile.java:225)
		at java.util.zip.ZipFile.<init>(ZipFile.java:155)
		at java.util.jar.JarFile.<init>(JarFile.java:167)
		at java.util.jar.JarFile.<init>(JarFile.java:131)
		at org.apache.tomcat.util.compat.JreCompat.jarFileNewInstance(JreCompat.java:290)
		at org.apache.tomcat.util.compat.JreCompat.jarFileNewInstance(JreCompat.java:275)
		at org.apache.catalina.webresources.AbstractArchiveResourceSet.openJarFile(AbstractArchiveResourceSet.java:299)
		at org.apache.catalina.webresources.AbstractSingleArchiveResourceSet.getArchiveEntry(AbstractSingleArchiveResourceSet.java:96)
		... 37 more
04-Jan-2024 13:41:37.701 INFOS [main] org.apache.catalina.core.ApplicationContext.log ContextListener: contextInitialized()
04-Jan-2024 13:41:37.701 INFOS [main] org.apache.catalina.core.ApplicationContext.log SessionListener: contextInitialized()
04-Jan-2024 13:41:37.702 INFOS [main] org.apache.catalina.core.ApplicationContext.log ContextListener: attributeAdded('StockTicker', 'async.Stockticker@526f6427')
04-Jan-2024 13:41:37.781 INFOS [main] org.apache.catalina.core.ApplicationContext.log SessionListener: contextDestroyed()
04-Jan-2024 13:41:37.781 INFOS [main] org.apache.catalina.core.ApplicationContext.log ContextListener: contextDestroyed()
04-Jan-2024 13:42:15.884 INFOS [main] org.apache.catalina.core.ApplicationContext.log ContextListener: contextInitialized()
04-Jan-2024 13:42:15.885 INFOS [main] org.apache.catalina.core.ApplicationContext.log SessionListener: contextInitialized()
04-Jan-2024 13:42:15.886 INFOS [main] org.apache.catalina.core.ApplicationContext.log ContextListener: attributeAdded('StockTicker', 'async.Stockticker@299b9851')
04-Jan-2024 13:43:56.549 GRAVE [Catalina-utility-2] org.apache.catalina.core.ApplicationContext.log La servlet [AxisAdminServlet] a généré une exception "unload()"
	javax.servlet.ServletException: "Servlet.destroy()" de la servlet [AxisAdminServlet] a généré une exception
		at org.apache.catalina.core.StandardWrapper.unload(StandardWrapper.java:1268)
		at org.apache.catalina.core.StandardWrapper.stopInternal(StandardWrapper.java:1544)
		at org.apache.catalina.util.LifecycleBase.stop(LifecycleBase.java:242)
		at org.apache.catalina.core.StandardContext.stopInternal(StandardContext.java:5135)
		at org.apache.catalina.util.LifecycleBase.stop(LifecycleBase.java:242)
		at org.apache.catalina.core.ContainerBase.removeChild(ContainerBase.java:766)
		at org.apache.catalina.startup.HostConfig.undeploy(HostConfig.java:1465)
		at org.apache.catalina.startup.HostConfig.checkResources(HostConfig.java:1390)
		at org.apache.catalina.startup.HostConfig.check(HostConfig.java:1653)
		at org.apache.catalina.startup.HostConfig.lifecycleEvent(HostConfig.java:314)
		at org.apache.catalina.util.LifecycleBase.fireLifecycleEvent(LifecycleBase.java:114)
		at org.apache.catalina.core.ContainerBase.backgroundProcess(ContainerBase.java:1098)
		at org.apache.catalina.core.ContainerBase$ContainerBackgroundProcessor.processChildren(ContainerBase.java:1301)
		at org.apache.catalina.core.ContainerBase$ContainerBackgroundProcessor.processChildren(ContainerBase.java:1305)
		at org.apache.catalina.core.ContainerBase$ContainerBackgroundProcessor.run(ContainerBase.java:1283)
		at java.util.concurrent.Executors$RunnableAdapter.call(Executors.java:511)
		at java.util.concurrent.FutureTask.runAndReset(FutureTask.java:308)
		at java.util.concurrent.ScheduledThreadPoolExecutor$ScheduledFutureTask.access$301(ScheduledThreadPoolExecutor.java:180)
		at java.util.concurrent.ScheduledThreadPoolExecutor$ScheduledFutureTask.run(ScheduledThreadPoolExecutor.java:294)
		at java.util.concurrent.ThreadPoolExecutor.runWorker(ThreadPoolExecutor.java:1149)
		at java.util.concurrent.ThreadPoolExecutor$Worker.run(ThreadPoolExecutor.java:624)
		at org.apache.tomcat.util.threads.TaskThread$WrappingRunnable.run(TaskThread.java:61)
		at java.lang.Thread.run(Thread.java:748)
	Caused by: java.lang.IllegalStateException: java.io.FileNotFoundException: /Users/boujams/Desktop/Smiyou/ENSIIE/2A/SIA/SIA-Midterm/apache-tomcat-9.0.82/webapps/Train_Booking/WEB-INF/lib/axis2-soapmonitor-servlet-1.6.2.jar (No such file or directory)
		at org.apache.catalina.webresources.AbstractSingleArchiveResourceSet.getArchiveEntry(AbstractSingleArchiveResourceSet.java:100)
		at org.apache.catalina.webresources.AbstractArchiveResourceSet.getResource(AbstractArchiveResourceSet.java:249)
		at org.apache.catalina.webresources.StandardRoot.getResourceInternal(StandardRoot.java:272)
		at org.apache.catalina.webresources.Cache.getResource(Cache.java:64)
		at org.apache.catalina.webresources.StandardRoot.getResource(StandardRoot.java:211)
		at org.apache.catalina.webresources.StandardRoot.getClassLoaderResource(StandardRoot.java:220)
		at org.apache.catalina.loader.WebappClassLoaderBase.findClassInternal(WebappClassLoaderBase.java:2220)
		at org.apache.catalina.loader.WebappClassLoaderBase.findClass(WebappClassLoaderBase.java:810)
		at org.apache.catalina.loader.WebappClassLoaderBase.loadClass(WebappClassLoaderBase.java:1293)
		at org.apache.catalina.loader.WebappClassLoaderBase.loadClass(WebappClassLoaderBase.java:1141)
		at org.apache.axis2.deployment.DeploymentEngine.cleanup(DeploymentEngine.java:1374)
		at org.apache.axis2.scripting.ScriptModule.shutdown(ScriptModule.java:110)
		at org.apache.axis2.context.ConfigurationContext.shutdownModulesAndServices(ConfigurationContext.java:747)
		at org.apache.axis2.context.ConfigurationContext.terminate(ConfigurationContext.java:775)
		at org.apache.axis2.transport.http.AxisServlet.destroy(AxisServlet.java:528)
		at org.apache.catalina.core.StandardWrapper.unload(StandardWrapper.java:1258)
		... 22 more
	Caused by: java.io.FileNotFoundException: /Users/boujams/Desktop/Smiyou/ENSIIE/2A/SIA/SIA-Midterm/apache-tomcat-9.0.82/webapps/Train_Booking/WEB-INF/lib/axis2-soapmonitor-servlet-1.6.2.jar (No such file or directory)
		at java.util.zip.ZipFile.open(Native Method)
		at java.util.zip.ZipFile.<init>(ZipFile.java:225)
		at java.util.zip.ZipFile.<init>(ZipFile.java:155)
		at java.util.jar.JarFile.<init>(JarFile.java:167)
		at java.util.jar.JarFile.<init>(JarFile.java:131)
		at org.apache.tomcat.util.compat.JreCompat.jarFileNewInstance(JreCompat.java:290)
		at org.apache.tomcat.util.compat.JreCompat.jarFileNewInstance(JreCompat.java:275)
		at org.apache.catalina.webresources.AbstractArchiveResourceSet.openJarFile(AbstractArchiveResourceSet.java:299)
		at org.apache.catalina.webresources.AbstractSingleArchiveResourceSet.getArchiveEntry(AbstractSingleArchiveResourceSet.java:96)
		... 37 more
04-Jan-2024 13:44:06.711 INFOS [Thread-5] org.apache.catalina.core.ApplicationContext.log SessionListener: contextDestroyed()
04-Jan-2024 13:44:06.711 INFOS [Thread-5] org.apache.catalina.core.ApplicationContext.log ContextListener: contextDestroyed()
04-Jan-2024 13:44:18.087 INFOS [main] org.apache.catalina.core.ApplicationContext.log ContextListener: contextInitialized()
04-Jan-2024 13:44:18.087 INFOS [main] org.apache.catalina.core.ApplicationContext.log SessionListener: contextInitialized()
04-Jan-2024 13:44:18.088 INFOS [main] org.apache.catalina.core.ApplicationContext.log ContextListener: attributeAdded('StockTicker', 'async.Stockticker@53976f5c')
04-Jan-2024 13:45:17.154 INFOS [Thread-2] org.apache.catalina.core.ApplicationContext.log SessionListener: contextDestroyed()
04-Jan-2024 13:45:17.155 INFOS [Thread-2] org.apache.catalina.core.ApplicationContext.log ContextListener: contextDestroyed()
04-Jan-2024 18:58:27.972 INFOS [main] org.apache.catalina.core.ApplicationContext.log ContextListener: contextInitialized()
04-Jan-2024 18:58:27.973 INFOS [main] org.apache.catalina.core.ApplicationContext.log SessionListener: contextInitialized()
04-Jan-2024 18:58:27.974 INFOS [main] org.apache.catalina.core.ApplicationContext.log ContextListener: attributeAdded('StockTicker', 'async.Stockticker@70e5737f')
04-Jan-2024 19:02:10.844 INFOS [Thread-5] org.apache.catalina.core.ApplicationContext.log SessionListener: contextDestroyed()
04-Jan-2024 19:02:10.844 INFOS [Thread-5] org.apache.catalina.core.ApplicationContext.log ContextListener: contextDestroyed()
04-Jan-2024 19:07:17.477 INFOS [main] org.apache.catalina.core.ApplicationContext.log ContextListener: contextInitialized()
04-Jan-2024 19:07:17.478 INFOS [main] org.apache.catalina.core.ApplicationContext.log SessionListener: contextInitialized()
04-Jan-2024 19:07:17.479 INFOS [main] org.apache.catalina.core.ApplicationContext.log ContextListener: attributeAdded('StockTicker', 'async.Stockticker@70e5737f')
04-Jan-2024 19:07:35.363 INFOS [main] org.apache.catalina.core.ApplicationContext.log ContextListener: contextInitialized()
04-Jan-2024 19:07:35.363 INFOS [main] org.apache.catalina.core.ApplicationContext.log SessionListener: contextInitialized()
04-Jan-2024 19:07:35.364 INFOS [main] org.apache.catalina.core.ApplicationContext.log ContextListener: attributeAdded('StockTicker', 'async.Stockticker@4ec37a42')
04-Jan-2024 19:07:35.470 INFOS [main] org.apache.catalina.core.ApplicationContext.log SessionListener: contextDestroyed()
04-Jan-2024 19:07:35.470 INFOS [main] org.apache.catalina.core.ApplicationContext.log ContextListener: contextDestroyed()
04-Jan-2024 19:08:33.086 INFOS [main] org.apache.catalina.core.ApplicationContext.log ContextListener: contextInitialized()
04-Jan-2024 19:08:33.086 INFOS [main] org.apache.catalina.core.ApplicationContext.log SessionListener: contextInitialized()
04-Jan-2024 19:08:33.087 INFOS [main] org.apache.catalina.core.ApplicationContext.log ContextListener: attributeAdded('StockTicker', 'async.Stockticker@3205610d')
04-Jan-2024 19:10:23.715 GRAVE [Catalina-utility-2] org.apache.catalina.core.ApplicationContext.log La servlet [AxisServlet] a généré une exception "unload()"
	javax.servlet.ServletException: "Servlet.destroy()" de la servlet [AxisServlet] a généré une exception
		at org.apache.catalina.core.StandardWrapper.unload(StandardWrapper.java:1268)
		at org.apache.catalina.core.StandardWrapper.stopInternal(StandardWrapper.java:1544)
		at org.apache.catalina.util.LifecycleBase.stop(LifecycleBase.java:242)
		at org.apache.catalina.core.StandardContext.stopInternal(StandardContext.java:5135)
		at org.apache.catalina.util.LifecycleBase.stop(LifecycleBase.java:242)
		at org.apache.catalina.core.ContainerBase.removeChild(ContainerBase.java:766)
		at org.apache.catalina.startup.HostConfig.undeploy(HostConfig.java:1465)
		at org.apache.catalina.startup.HostConfig.checkResources(HostConfig.java:1390)
		at org.apache.catalina.startup.HostConfig.check(HostConfig.java:1653)
		at org.apache.catalina.startup.HostConfig.lifecycleEvent(HostConfig.java:314)
		at org.apache.catalina.util.LifecycleBase.fireLifecycleEvent(LifecycleBase.java:114)
		at org.apache.catalina.core.ContainerBase.backgroundProcess(ContainerBase.java:1098)
		at org.apache.catalina.core.ContainerBase$ContainerBackgroundProcessor.processChildren(ContainerBase.java:1301)
		at org.apache.catalina.core.ContainerBase$ContainerBackgroundProcessor.processChildren(ContainerBase.java:1305)
		at org.apache.catalina.core.ContainerBase$ContainerBackgroundProcessor.run(ContainerBase.java:1283)
		at java.util.concurrent.Executors$RunnableAdapter.call(Executors.java:511)
		at java.util.concurrent.FutureTask.runAndReset(FutureTask.java:308)
		at java.util.concurrent.ScheduledThreadPoolExecutor$ScheduledFutureTask.access$301(ScheduledThreadPoolExecutor.java:180)
		at java.util.concurrent.ScheduledThreadPoolExecutor$ScheduledFutureTask.run(ScheduledThreadPoolExecutor.java:294)
		at java.util.concurrent.ThreadPoolExecutor.runWorker(ThreadPoolExecutor.java:1149)
		at java.util.concurrent.ThreadPoolExecutor$Worker.run(ThreadPoolExecutor.java:624)
		at org.apache.tomcat.util.threads.TaskThread$WrappingRunnable.run(TaskThread.java:61)
		at java.lang.Thread.run(Thread.java:748)
	Caused by: java.lang.IllegalStateException: java.io.FileNotFoundException: /Users/boujams/Desktop/Smiyou/ENSIIE/2A/SIA/SIA-Midterm/apache-tomcat-9.0.82/webapps/axis2/WEB-INF/lib/smack-3.0.4.jar (No such file or directory)
		at org.apache.catalina.webresources.AbstractSingleArchiveResourceSet.getArchiveEntry(AbstractSingleArchiveResourceSet.java:100)
		at org.apache.catalina.webresources.AbstractArchiveResourceSet.getResource(AbstractArchiveResourceSet.java:249)
		at org.apache.catalina.webresources.StandardRoot.getResourceInternal(StandardRoot.java:272)
		at org.apache.catalina.webresources.Cache.getResource(Cache.java:64)
		at org.apache.catalina.webresources.StandardRoot.getResource(StandardRoot.java:211)
		at org.apache.catalina.webresources.StandardRoot.getClassLoaderResource(StandardRoot.java:220)
		at org.apache.catalina.loader.WebappClassLoaderBase.findClassInternal(WebappClassLoaderBase.java:2220)
		at org.apache.catalina.loader.WebappClassLoaderBase.findClass(WebappClassLoaderBase.java:810)
		at org.apache.catalina.loader.WebappClassLoaderBase.loadClass(WebappClassLoaderBase.java:1293)
		at org.apache.catalina.loader.WebappClassLoaderBase.loadClass(WebappClassLoaderBase.java:1141)
		at org.apache.axis2.deployment.DeploymentEngine.cleanup(DeploymentEngine.java:1202)
		at org.apache.axis2.engine.AxisConfiguration.cleanup(AxisConfiguration.java:1220)
		at org.apache.axis2.context.ConfigurationContext.terminate(ConfigurationContext.java:751)
		at org.apache.axis2.transport.http.AxisServlet.destroy(AxisServlet.java:472)
		at org.apache.catalina.core.StandardWrapper.unload(StandardWrapper.java:1258)
		... 22 more
	Caused by: java.io.FileNotFoundException: /Users/boujams/Desktop/Smiyou/ENSIIE/2A/SIA/SIA-Midterm/apache-tomcat-9.0.82/webapps/axis2/WEB-INF/lib/smack-3.0.4.jar (No such file or directory)
		at java.util.zip.ZipFile.open(Native Method)
		at java.util.zip.ZipFile.<init>(ZipFile.java:225)
		at java.util.zip.ZipFile.<init>(ZipFile.java:155)
		at java.util.jar.JarFile.<init>(JarFile.java:167)
		at java.util.jar.JarFile.<init>(JarFile.java:131)
		at org.apache.tomcat.util.compat.JreCompat.jarFileNewInstance(JreCompat.java:290)
		at org.apache.tomcat.util.compat.JreCompat.jarFileNewInstance(JreCompat.java:275)
		at org.apache.catalina.webresources.AbstractArchiveResourceSet.openJarFile(AbstractArchiveResourceSet.java:299)
		at org.apache.catalina.webresources.AbstractSingleArchiveResourceSet.getArchiveEntry(AbstractSingleArchiveResourceSet.java:96)
		... 36 more
04-Jan-2024 19:10:57.601 INFOS [Thread-5] org.apache.catalina.core.ApplicationContext.log SessionListener: contextDestroyed()
04-Jan-2024 19:10:57.601 INFOS [Thread-5] org.apache.catalina.core.ApplicationContext.log ContextListener: contextDestroyed()
04-Jan-2024 19:12:21.672 INFOS [main] org.apache.catalina.core.ApplicationContext.log ContextListener: contextInitialized()
04-Jan-2024 19:12:21.672 INFOS [main] org.apache.catalina.core.ApplicationContext.log SessionListener: contextInitialized()
04-Jan-2024 19:12:21.673 INFOS [main] org.apache.catalina.core.ApplicationContext.log ContextListener: attributeAdded('StockTicker', 'async.Stockticker@512dc0e0')
04-Jan-2024 19:14:38.836 INFOS [Thread-5] org.apache.catalina.core.ApplicationContext.log SessionListener: contextDestroyed()
04-Jan-2024 19:14:38.836 INFOS [Thread-5] org.apache.catalina.core.ApplicationContext.log ContextListener: contextDestroyed()
04-Jan-2024 19:15:34.073 INFO [main] org.apache.catalina.core.ApplicationContext.log ContextListener: contextInitialized()
04-Jan-2024 19:15:34.073 INFO [main] org.apache.catalina.core.ApplicationContext.log SessionListener: contextInitialized()
04-Jan-2024 19:15:34.074 INFO [main] org.apache.catalina.core.ApplicationContext.log ContextListener: attributeAdded('StockTicker', 'async.Stockticker@24e79a4d')
04-Jan-2024 19:15:52.102 INFO [Thread-4] org.apache.catalina.core.ApplicationContext.log SessionListener: contextDestroyed()
04-Jan-2024 19:15:52.102 INFO [Thread-4] org.apache.catalina.core.ApplicationContext.log ContextListener: contextDestroyed()
04-Jan-2024 19:16:13.145 INFO [main] org.apache.catalina.core.ApplicationContext.log ContextListener: contextInitialized()
04-Jan-2024 19:16:13.145 INFO [main] org.apache.catalina.core.ApplicationContext.log SessionListener: contextInitialized()
04-Jan-2024 19:16:13.146 INFO [main] org.apache.catalina.core.ApplicationContext.log ContextListener: attributeAdded('StockTicker', 'async.Stockticker@33060020')
04-Jan-2024 19:16:53.739 SEVERE [Catalina-utility-1] org.apache.catalina.core.ApplicationContext.log La servlet [AxisServlet] a généré une exception "unload()"
	javax.servlet.ServletException: "Servlet.destroy()" de la servlet [AxisServlet] a généré une exception
		at org.apache.catalina.core.StandardWrapper.unload(StandardWrapper.java:1268)
		at org.apache.catalina.core.StandardWrapper.stopInternal(StandardWrapper.java:1544)
		at org.apache.catalina.util.LifecycleBase.stop(LifecycleBase.java:242)
		at org.apache.catalina.core.StandardContext.stopInternal(StandardContext.java:5135)
		at org.apache.catalina.util.LifecycleBase.stop(LifecycleBase.java:242)
		at org.apache.catalina.core.ContainerBase.removeChild(ContainerBase.java:766)
		at org.apache.catalina.startup.HostConfig.undeploy(HostConfig.java:1465)
		at org.apache.catalina.startup.HostConfig.checkResources(HostConfig.java:1390)
		at org.apache.catalina.startup.HostConfig.check(HostConfig.java:1653)
		at org.apache.catalina.startup.HostConfig.lifecycleEvent(HostConfig.java:314)
		at org.apache.catalina.util.LifecycleBase.fireLifecycleEvent(LifecycleBase.java:114)
		at org.apache.catalina.core.ContainerBase.backgroundProcess(ContainerBase.java:1098)
		at org.apache.catalina.core.ContainerBase$ContainerBackgroundProcessor.processChildren(ContainerBase.java:1301)
		at org.apache.catalina.core.ContainerBase$ContainerBackgroundProcessor.processChildren(ContainerBase.java:1305)
		at org.apache.catalina.core.ContainerBase$ContainerBackgroundProcessor.run(ContainerBase.java:1283)
		at java.base/java.util.concurrent.Executors$RunnableAdapter.call(Executors.java:515)
		at java.base/java.util.concurrent.FutureTask.runAndReset(FutureTask.java:305)
		at java.base/java.util.concurrent.ScheduledThreadPoolExecutor$ScheduledFutureTask.run(ScheduledThreadPoolExecutor.java:305)
		at java.base/java.util.concurrent.ThreadPoolExecutor.runWorker(ThreadPoolExecutor.java:1130)
		at java.base/java.util.concurrent.ThreadPoolExecutor$Worker.run(ThreadPoolExecutor.java:630)
		at org.apache.tomcat.util.threads.TaskThread$WrappingRunnable.run(TaskThread.java:61)
		at java.base/java.lang.Thread.run(Thread.java:832)
	Caused by: java.lang.IllegalStateException: java.io.IOException: java.lang.reflect.InvocationTargetException
		at org.apache.catalina.webresources.AbstractSingleArchiveResourceSet.getArchiveEntry(AbstractSingleArchiveResourceSet.java:100)
		at org.apache.catalina.webresources.AbstractArchiveResourceSet.getResource(AbstractArchiveResourceSet.java:249)
		at org.apache.catalina.webresources.StandardRoot.getResourceInternal(StandardRoot.java:272)
		at org.apache.catalina.webresources.Cache.getResource(Cache.java:64)
		at org.apache.catalina.webresources.StandardRoot.getResource(StandardRoot.java:211)
		at org.apache.catalina.webresources.StandardRoot.getClassLoaderResource(StandardRoot.java:220)
		at org.apache.catalina.loader.WebappClassLoaderBase.findClassInternal(WebappClassLoaderBase.java:2220)
		at org.apache.catalina.loader.WebappClassLoaderBase.findClass(WebappClassLoaderBase.java:810)
		at org.apache.catalina.loader.WebappClassLoaderBase.loadClass(WebappClassLoaderBase.java:1293)
		at org.apache.catalina.loader.WebappClassLoaderBase.loadClass(WebappClassLoaderBase.java:1141)
		at org.apache.axis2.deployment.DeploymentEngine.cleanup(DeploymentEngine.java:1202)
		at org.apache.axis2.engine.AxisConfiguration.cleanup(AxisConfiguration.java:1220)
		at org.apache.axis2.context.ConfigurationContext.terminate(ConfigurationContext.java:751)
		at org.apache.axis2.transport.http.AxisServlet.destroy(AxisServlet.java:472)
		at org.apache.catalina.core.StandardWrapper.unload(StandardWrapper.java:1258)
		... 21 more
	Caused by: java.io.IOException: java.lang.reflect.InvocationTargetException
		at org.apache.tomcat.util.compat.Jre9Compat.jarFileNewInstance(Jre9Compat.java:209)
		at org.apache.tomcat.util.compat.JreCompat.jarFileNewInstance(JreCompat.java:275)
		at org.apache.catalina.webresources.AbstractArchiveResourceSet.openJarFile(AbstractArchiveResourceSet.java:299)
		at org.apache.catalina.webresources.AbstractSingleArchiveResourceSet.getArchiveEntry(AbstractSingleArchiveResourceSet.java:96)
		... 35 more
	Caused by: java.lang.reflect.InvocationTargetException
		at java.base/jdk.internal.reflect.GeneratedConstructorAccessor7.newInstance(Unknown Source)
		at java.base/jdk.internal.reflect.DelegatingConstructorAccessorImpl.newInstance(DelegatingConstructorAccessorImpl.java:45)
		at java.base/java.lang.reflect.Constructor.newInstanceWithCaller(Constructor.java:500)
		at java.base/java.lang.reflect.Constructor.newInstance(Constructor.java:481)
		at org.apache.tomcat.util.compat.Jre9Compat.jarFileNewInstance(Jre9Compat.java:206)
		... 38 more
	Caused by: java.nio.file.NoSuchFileException: /Users/boujams/Desktop/Smiyou/ENSIIE/2A/SIA/SIA-Midterm/apache-tomcat-9.0.82/webapps/axis2/WEB-INF/lib/smack-3.0.4.jar
		at java.base/sun.nio.fs.UnixException.translateToIOException(UnixException.java:92)
		at java.base/sun.nio.fs.UnixException.rethrowAsIOException(UnixException.java:106)
		at java.base/sun.nio.fs.UnixException.rethrowAsIOException(UnixException.java:111)
		at java.base/sun.nio.fs.UnixFileAttributeViews$Basic.readAttributes(UnixFileAttributeViews.java:55)
		at java.base/sun.nio.fs.UnixFileSystemProvider.readAttributes(UnixFileSystemProvider.java:148)
		at java.base/java.nio.file.Files.readAttributes(Files.java:1843)
		at java.base/java.util.zip.ZipFile$Source.get(ZipFile.java:1198)
		at java.base/java.util.zip.ZipFile$CleanableResource.<init>(ZipFile.java:701)
		at java.base/java.util.zip.ZipFile.<init>(ZipFile.java:240)
		at java.base/java.util.zip.ZipFile.<init>(ZipFile.java:171)
		at java.base/java.util.jar.JarFile.<init>(JarFile.java:347)
		... 43 more
04-Jan-2024 19:17:01.197 INFOS [main] org.apache.catalina.core.ApplicationContext.log ContextListener: contextInitialized()
04-Jan-2024 19:17:01.198 INFOS [main] org.apache.catalina.core.ApplicationContext.log SessionListener: contextInitialized()
04-Jan-2024 19:17:01.198 INFOS [main] org.apache.catalina.core.ApplicationContext.log ContextListener: attributeAdded('StockTicker', 'async.Stockticker@67080771')
04-Jan-2024 19:17:01.254 INFOS [main] org.apache.catalina.core.ApplicationContext.log SessionListener: contextDestroyed()
04-Jan-2024 19:17:01.254 INFOS [main] org.apache.catalina.core.ApplicationContext.log ContextListener: contextDestroyed()
04-Jan-2024 19:17:09.813 INFO [Thread-4] org.apache.catalina.core.ApplicationContext.log SessionListener: contextDestroyed()
04-Jan-2024 19:17:09.813 INFO [Thread-4] org.apache.catalina.core.ApplicationContext.log ContextListener: contextDestroyed()
04-Jan-2024 19:17:17.741 INFO [main] org.apache.catalina.core.ApplicationContext.log ContextListener: contextInitialized()
04-Jan-2024 19:17:17.741 INFO [main] org.apache.catalina.core.ApplicationContext.log SessionListener: contextInitialized()
04-Jan-2024 19:17:17.742 INFO [main] org.apache.catalina.core.ApplicationContext.log ContextListener: attributeAdded('StockTicker', 'async.Stockticker@69c79f09')
04-Jan-2024 19:18:06.859 INFO [Thread-1] org.apache.catalina.core.ApplicationContext.log SessionListener: contextDestroyed()
04-Jan-2024 19:18:06.860 INFO [Thread-1] org.apache.catalina.core.ApplicationContext.log ContextListener: contextDestroyed()
04-Jan-2024 19:18:13.832 INFOS [main] org.apache.catalina.core.ApplicationContext.log ContextListener: contextInitialized()
04-Jan-2024 19:18:13.832 INFOS [main] org.apache.catalina.core.ApplicationContext.log SessionListener: contextInitialized()
04-Jan-2024 19:18:13.833 INFOS [main] org.apache.catalina.core.ApplicationContext.log ContextListener: attributeAdded('StockTicker', 'async.Stockticker@53976f5c')
04-Jan-2024 19:18:49.140 INFOS [Thread-2] org.apache.catalina.core.ApplicationContext.log SessionListener: contextDestroyed()
04-Jan-2024 19:18:49.140 INFOS [Thread-2] org.apache.catalina.core.ApplicationContext.log ContextListener: contextDestroyed()
04-Jan-2024 20:50:54.189 INFOS [main] org.apache.catalina.core.ApplicationContext.log ContextListener: contextInitialized()
04-Jan-2024 20:50:54.189 INFOS [main] org.apache.catalina.core.ApplicationContext.log SessionListener: contextInitialized()
04-Jan-2024 20:50:54.190 INFOS [main] org.apache.catalina.core.ApplicationContext.log ContextListener: attributeAdded('StockTicker', 'async.Stockticker@53976f5c')
04-Jan-2024 20:53:18.343 INFOS [main] org.apache.catalina.core.ApplicationContext.log ContextListener: contextInitialized()
04-Jan-2024 20:53:18.344 INFOS [main] org.apache.catalina.core.ApplicationContext.log SessionListener: contextInitialized()
04-Jan-2024 20:53:18.345 INFOS [main] org.apache.catalina.core.ApplicationContext.log ContextListener: attributeAdded('StockTicker', 'async.Stockticker@22523986')
04-Jan-2024 20:53:18.653 INFOS [main] org.apache.catalina.core.ApplicationContext.log SessionListener: contextDestroyed()
04-Jan-2024 20:53:18.654 INFOS [main] org.apache.catalina.core.ApplicationContext.log ContextListener: contextDestroyed()
04-Jan-2024 20:56:25.281 INFOS [main] org.apache.catalina.core.ApplicationContext.log ContextListener: contextInitialized()
04-Jan-2024 20:56:25.281 INFOS [main] org.apache.catalina.core.ApplicationContext.log SessionListener: contextInitialized()
04-Jan-2024 20:56:25.282 INFOS [main] org.apache.catalina.core.ApplicationContext.log ContextListener: attributeAdded('StockTicker', 'async.Stockticker@6e8e1a98')
04-Jan-2024 20:56:25.344 INFOS [main] org.apache.catalina.core.ApplicationContext.log SessionListener: contextDestroyed()
04-Jan-2024 20:56:25.344 INFOS [main] org.apache.catalina.core.ApplicationContext.log ContextListener: contextDestroyed()
04-Jan-2024 20:56:52.492 INFOS [main] org.apache.catalina.core.ApplicationContext.log ContextListener: contextInitialized()
04-Jan-2024 20:56:52.492 INFOS [main] org.apache.catalina.core.ApplicationContext.log SessionListener: contextInitialized()
04-Jan-2024 20:56:52.494 INFOS [main] org.apache.catalina.core.ApplicationContext.log ContextListener: attributeAdded('StockTicker', 'async.Stockticker@dcaa0e8')
04-Jan-2024 21:28:18.699 INFOS [main] org.apache.catalina.core.ApplicationContext.log ContextListener: contextInitialized()
04-Jan-2024 21:28:18.699 INFOS [main] org.apache.catalina.core.ApplicationContext.log SessionListener: contextInitialized()
04-Jan-2024 21:28:18.701 INFOS [main] org.apache.catalina.core.ApplicationContext.log ContextListener: attributeAdded('StockTicker', 'async.Stockticker@4098a6b0')
04-Jan-2024 21:28:18.797 INFOS [main] org.apache.catalina.core.ApplicationContext.log SessionListener: contextDestroyed()
04-Jan-2024 21:28:18.797 INFOS [main] org.apache.catalina.core.ApplicationContext.log ContextListener: contextDestroyed()
04-Jan-2024 21:28:54.415 INFOS [main] org.apache.catalina.core.ApplicationContext.log ContextListener: contextInitialized()
04-Jan-2024 21:28:54.415 INFOS [main] org.apache.catalina.core.ApplicationContext.log SessionListener: contextInitialized()
04-Jan-2024 21:28:54.416 INFOS [main] org.apache.catalina.core.ApplicationContext.log ContextListener: attributeAdded('StockTicker', 'async.Stockticker@3413effc')
04-Jan-2024 21:29:12.508 INFOS [Thread-5] org.apache.catalina.core.ApplicationContext.log SessionListener: contextDestroyed()
04-Jan-2024 21:29:12.508 INFOS [Thread-5] org.apache.catalina.core.ApplicationContext.log ContextListener: contextDestroyed()
04-Jan-2024 21:30:19.636 INFOS [main] org.apache.catalina.core.ApplicationContext.log ContextListener: contextInitialized()
04-Jan-2024 21:30:19.636 INFOS [main] org.apache.catalina.core.ApplicationContext.log SessionListener: contextInitialized()
04-Jan-2024 21:30:19.637 INFOS [main] org.apache.catalina.core.ApplicationContext.log ContextListener: attributeAdded('StockTicker', 'async.Stockticker@206d4413')
04-Jan-2024 21:34:10.117 INFOS [Thread-5] org.apache.catalina.core.ApplicationContext.log SessionListener: contextDestroyed()
04-Jan-2024 21:34:10.118 INFOS [Thread-5] org.apache.catalina.core.ApplicationContext.log ContextListener: contextDestroyed()
04-Jan-2024 21:34:15.077 GRAVE [Catalina-utility-2] org.apache.catalina.core.StandardContext.loadOnStartup Le Servlet [AxisServlet] dans l'application web [/axis2] a retourné une exception lors de son chargement
	java.lang.IllegalStateException: Shutdown in progress
		at java.lang.ApplicationShutdownHooks.add(ApplicationShutdownHooks.java:66)
		at java.lang.Runtime.addShutdownHook(Runtime.java:211)
		at org.apache.axis2.engine.ListenerManager.start(ListenerManager.java:177)
		at org.apache.axis2.transport.http.AxisServlet.initTransports(AxisServlet.java:528)
		at org.apache.axis2.transport.http.AxisServlet.init(AxisServlet.java:480)
		at org.apache.catalina.core.StandardWrapper.initServlet(StandardWrapper.java:1106)
		at org.apache.catalina.core.StandardWrapper.loadServlet(StandardWrapper.java:1063)
		at org.apache.catalina.core.StandardWrapper.load(StandardWrapper.java:960)
		at org.apache.catalina.core.StandardContext.loadOnStartup(StandardContext.java:4641)
		at org.apache.catalina.core.StandardContext.startInternal(StandardContext.java:4948)
		at org.apache.catalina.util.LifecycleBase.start(LifecycleBase.java:171)
		at org.apache.catalina.core.StandardContext.reload(StandardContext.java:3581)
		at org.apache.catalina.startup.HostConfig.reload(HostConfig.java:1442)
		at org.apache.catalina.startup.HostConfig.checkResources(HostConfig.java:1414)
		at org.apache.catalina.startup.HostConfig.check(HostConfig.java:1653)
		at org.apache.catalina.startup.HostConfig.lifecycleEvent(HostConfig.java:314)
		at org.apache.catalina.util.LifecycleBase.fireLifecycleEvent(LifecycleBase.java:114)
		at org.apache.catalina.core.ContainerBase.backgroundProcess(ContainerBase.java:1098)
		at org.apache.catalina.core.ContainerBase$ContainerBackgroundProcessor.processChildren(ContainerBase.java:1301)
		at org.apache.catalina.core.ContainerBase$ContainerBackgroundProcessor.processChildren(ContainerBase.java:1305)
		at org.apache.catalina.core.ContainerBase$ContainerBackgroundProcessor.run(ContainerBase.java:1283)
		at java.util.concurrent.Executors$RunnableAdapter.call(Executors.java:511)
		at java.util.concurrent.FutureTask.runAndReset(FutureTask.java:308)
		at java.util.concurrent.ScheduledThreadPoolExecutor$ScheduledFutureTask.access$301(ScheduledThreadPoolExecutor.java:180)
		at java.util.concurrent.ScheduledThreadPoolExecutor$ScheduledFutureTask.run(ScheduledThreadPoolExecutor.java:294)
		at java.util.concurrent.ThreadPoolExecutor.runWorker(ThreadPoolExecutor.java:1149)
		at java.util.concurrent.ThreadPoolExecutor$Worker.run(ThreadPoolExecutor.java:624)
		at org.apache.tomcat.util.threads.TaskThread$WrappingRunnable.run(TaskThread.java:61)
		at java.lang.Thread.run(Thread.java:748)
04-Jan-2024 21:34:15.275 INFOS [Catalina-utility-2] org.apache.catalina.core.ApplicationContext.log ContextListener: contextInitialized()
04-Jan-2024 21:34:15.276 INFOS [Catalina-utility-2] org.apache.catalina.core.ApplicationContext.log SessionListener: contextInitialized()
04-Jan-2024 21:34:15.276 INFOS [Catalina-utility-2] org.apache.catalina.core.ApplicationContext.log ContextListener: attributeAdded('StockTicker', 'async.Stockticker@5171d4f1')
04-Jan-2024 21:34:25.959 INFOS [main] org.apache.catalina.core.ApplicationContext.log ContextListener: contextInitialized()
04-Jan-2024 21:34:25.959 INFOS [main] org.apache.catalina.core.ApplicationContext.log SessionListener: contextInitialized()
04-Jan-2024 21:34:25.961 INFOS [main] org.apache.catalina.core.ApplicationContext.log ContextListener: attributeAdded('StockTicker', 'async.Stockticker@221b9c2b')
04-Jan-2024 21:35:50.083 INFOS [Thread-5] org.apache.catalina.core.ApplicationContext.log SessionListener: contextDestroyed()
04-Jan-2024 21:35:50.084 INFOS [Thread-5] org.apache.catalina.core.ApplicationContext.log ContextListener: contextDestroyed()
04-Jan-2024 21:39:33.981 INFOS [main] org.apache.catalina.core.ApplicationContext.log ContextListener: contextInitialized()
04-Jan-2024 21:39:33.981 INFOS [main] org.apache.catalina.core.ApplicationContext.log SessionListener: contextInitialized()
04-Jan-2024 21:39:33.982 INFOS [main] org.apache.catalina.core.ApplicationContext.log ContextListener: attributeAdded('StockTicker', 'async.Stockticker@221b9c2b')
04-Jan-2024 21:40:12.615 INFOS [Thread-5] org.apache.catalina.core.ApplicationContext.log SessionListener: contextDestroyed()
04-Jan-2024 21:40:12.616 INFOS [Thread-5] org.apache.catalina.core.ApplicationContext.log ContextListener: contextDestroyed()
04-Jan-2024 21:40:23.768 INFOS [main] org.apache.catalina.core.ApplicationContext.log ContextListener: contextInitialized()
04-Jan-2024 21:40:23.768 INFOS [main] org.apache.catalina.core.ApplicationContext.log SessionListener: contextInitialized()
04-Jan-2024 21:40:23.769 INFOS [main] org.apache.catalina.core.ApplicationContext.log ContextListener: attributeAdded('StockTicker', 'async.Stockticker@221b9c2b')
04-Jan-2024 21:46:01.896 INFOS [Catalina-utility-1] org.apache.catalina.core.ApplicationContext.log SessionListener: contextDestroyed()
04-Jan-2024 21:46:01.897 INFOS [Catalina-utility-1] org.apache.catalina.core.ApplicationContext.log ContextListener: contextDestroyed()
04-Jan-2024 21:46:02.128 INFOS [Catalina-utility-1] org.apache.catalina.core.ApplicationContext.log ContextListener: contextInitialized()
04-Jan-2024 21:46:02.128 INFOS [Catalina-utility-1] org.apache.catalina.core.ApplicationContext.log SessionListener: contextInitialized()
04-Jan-2024 21:46:02.132 INFOS [Catalina-utility-1] org.apache.catalina.core.ApplicationContext.log ContextListener: attributeAdded('StockTicker', 'async.Stockticker@44ca654f')
04-Jan-2024 21:48:26.530 INFOS [Thread-5] org.apache.catalina.core.ApplicationContext.log SessionListener: contextDestroyed()
04-Jan-2024 21:48:26.530 INFOS [Thread-5] org.apache.catalina.core.ApplicationContext.log ContextListener: contextDestroyed()
04-Jan-2024 21:48:56.002 INFOS [main] org.apache.catalina.core.ApplicationContext.log ContextListener: contextInitialized()
04-Jan-2024 21:48:56.003 INFOS [main] org.apache.catalina.core.ApplicationContext.log SessionListener: contextInitialized()
04-Jan-2024 21:48:56.004 INFOS [main] org.apache.catalina.core.ApplicationContext.log ContextListener: attributeAdded('StockTicker', 'async.Stockticker@221b9c2b')
04-Jan-2024 21:49:35.092 INFOS [Thread-5] org.apache.catalina.core.ApplicationContext.log SessionListener: contextDestroyed()
04-Jan-2024 21:49:35.095 INFOS [Thread-5] org.apache.catalina.core.ApplicationContext.log ContextListener: contextDestroyed()
04-Jan-2024 21:50:10.857 INFOS [main] org.apache.catalina.core.ApplicationContext.log ContextListener: contextInitialized()
04-Jan-2024 21:50:10.857 INFOS [main] org.apache.catalina.core.ApplicationContext.log SessionListener: contextInitialized()
04-Jan-2024 21:50:10.859 INFOS [main] org.apache.catalina.core.ApplicationContext.log ContextListener: attributeAdded('StockTicker', 'async.Stockticker@221b9c2b')
04-Jan-2024 21:50:43.683 INFOS [Thread-5] org.apache.catalina.core.ApplicationContext.log SessionListener: contextDestroyed()
04-Jan-2024 21:50:43.684 INFOS [Thread-5] org.apache.catalina.core.ApplicationContext.log ContextListener: contextDestroyed()
04-Jan-2024 21:51:15.252 INFOS [main] org.apache.catalina.core.ApplicationContext.log ContextListener: contextInitialized()
04-Jan-2024 21:51:15.253 INFOS [main] org.apache.catalina.core.ApplicationContext.log SessionListener: contextInitialized()
04-Jan-2024 21:51:15.254 INFOS [main] org.apache.catalina.core.ApplicationContext.log ContextListener: attributeAdded('StockTicker', 'async.Stockticker@221b9c2b')
04-Jan-2024 21:53:09.732 GRAVE [Catalina-utility-1] org.apache.catalina.core.StandardContext.filterStart Exception au démarrage du filtre [CorsFilter]
	javax.servlet.ServletException: Il est interdit de configurer supportsCredentials=[true] alors que allowedOrigins=[*]
		at org.apache.catalina.filters.CorsFilter.parseAndStore(CorsFilter.java:680)
		at org.apache.catalina.filters.CorsFilter.init(CorsFilter.java:170)
		at javax.servlet.GenericFilter.init(GenericFilter.java:72)
		at org.apache.catalina.core.ApplicationFilterConfig.initFilter(ApplicationFilterConfig.java:262)
		at org.apache.catalina.core.ApplicationFilterConfig.getFilter(ApplicationFilterConfig.java:244)
		at org.apache.catalina.core.ApplicationFilterConfig.<init>(ApplicationFilterConfig.java:97)
		at org.apache.catalina.core.StandardContext.filterStart(StandardContext.java:4311)
		at org.apache.catalina.core.StandardContext.startInternal(StandardContext.java:4940)
		at org.apache.catalina.util.LifecycleBase.start(LifecycleBase.java:171)
		at org.apache.catalina.core.StandardContext.reload(StandardContext.java:3581)
		at org.apache.catalina.startup.HostConfig.reload(HostConfig.java:1442)
		at org.apache.catalina.startup.HostConfig.checkResources(HostConfig.java:1414)
		at org.apache.catalina.startup.HostConfig.check(HostConfig.java:1653)
		at org.apache.catalina.startup.HostConfig.lifecycleEvent(HostConfig.java:314)
		at org.apache.catalina.util.LifecycleBase.fireLifecycleEvent(LifecycleBase.java:114)
		at org.apache.catalina.core.ContainerBase.backgroundProcess(ContainerBase.java:1098)
		at org.apache.catalina.core.ContainerBase$ContainerBackgroundProcessor.processChildren(ContainerBase.java:1301)
		at org.apache.catalina.core.ContainerBase$ContainerBackgroundProcessor.processChildren(ContainerBase.java:1305)
		at org.apache.catalina.core.ContainerBase$ContainerBackgroundProcessor.run(ContainerBase.java:1283)
		at java.util.concurrent.Executors$RunnableAdapter.call(Executors.java:511)
		at java.util.concurrent.FutureTask.runAndReset(FutureTask.java:308)
		at java.util.concurrent.ScheduledThreadPoolExecutor$ScheduledFutureTask.access$301(ScheduledThreadPoolExecutor.java:180)
		at java.util.concurrent.ScheduledThreadPoolExecutor$ScheduledFutureTask.run(ScheduledThreadPoolExecutor.java:294)
		at java.util.concurrent.ThreadPoolExecutor.runWorker(ThreadPoolExecutor.java:1149)
		at java.util.concurrent.ThreadPoolExecutor$Worker.run(ThreadPoolExecutor.java:624)
		at org.apache.tomcat.util.threads.TaskThread$WrappingRunnable.run(TaskThread.java:61)
		at java.lang.Thread.run(Thread.java:748)
04-Jan-2024 21:53:09.760 GRAVE [Catalina-utility-1] org.apache.catalina.core.StandardContext.filterStart Exception au démarrage du filtre [CorsFilter]
	javax.servlet.ServletException: Il est interdit de configurer supportsCredentials=[true] alors que allowedOrigins=[*]
		at org.apache.catalina.filters.CorsFilter.parseAndStore(CorsFilter.java:680)
		at org.apache.catalina.filters.CorsFilter.init(CorsFilter.java:170)
		at javax.servlet.GenericFilter.init(GenericFilter.java:72)
		at org.apache.catalina.core.ApplicationFilterConfig.initFilter(ApplicationFilterConfig.java:262)
		at org.apache.catalina.core.ApplicationFilterConfig.getFilter(ApplicationFilterConfig.java:244)
		at org.apache.catalina.core.ApplicationFilterConfig.<init>(ApplicationFilterConfig.java:97)
		at org.apache.catalina.core.StandardContext.filterStart(StandardContext.java:4311)
		at org.apache.catalina.core.StandardContext.startInternal(StandardContext.java:4940)
		at org.apache.catalina.util.LifecycleBase.start(LifecycleBase.java:171)
		at org.apache.catalina.core.StandardContext.reload(StandardContext.java:3581)
		at org.apache.catalina.startup.HostConfig.reload(HostConfig.java:1442)
		at org.apache.catalina.startup.HostConfig.checkResources(HostConfig.java:1414)
		at org.apache.catalina.startup.HostConfig.check(HostConfig.java:1653)
		at org.apache.catalina.startup.HostConfig.lifecycleEvent(HostConfig.java:314)
		at org.apache.catalina.util.LifecycleBase.fireLifecycleEvent(LifecycleBase.java:114)
		at org.apache.catalina.core.ContainerBase.backgroundProcess(ContainerBase.java:1098)
		at org.apache.catalina.core.ContainerBase$ContainerBackgroundProcessor.processChildren(ContainerBase.java:1301)
		at org.apache.catalina.core.ContainerBase$ContainerBackgroundProcessor.processChildren(ContainerBase.java:1305)
		at org.apache.catalina.core.ContainerBase$ContainerBackgroundProcessor.run(ContainerBase.java:1283)
		at java.util.concurrent.Executors$RunnableAdapter.call(Executors.java:511)
		at java.util.concurrent.FutureTask.runAndReset(FutureTask.java:308)
		at java.util.concurrent.ScheduledThreadPoolExecutor$ScheduledFutureTask.access$301(ScheduledThreadPoolExecutor.java:180)
		at java.util.concurrent.ScheduledThreadPoolExecutor$ScheduledFutureTask.run(ScheduledThreadPoolExecutor.java:294)
		at java.util.concurrent.ThreadPoolExecutor.runWorker(ThreadPoolExecutor.java:1149)
		at java.util.concurrent.ThreadPoolExecutor$Worker.run(ThreadPoolExecutor.java:624)
		at org.apache.tomcat.util.threads.TaskThread$WrappingRunnable.run(TaskThread.java:61)
		at java.lang.Thread.run(Thread.java:748)
04-Jan-2024 21:53:09.770 INFOS [Catalina-utility-1] org.apache.catalina.core.ApplicationContext.log SessionListener: contextDestroyed()
04-Jan-2024 21:53:09.770 INFOS [Catalina-utility-1] org.apache.catalina.core.ApplicationContext.log ContextListener: contextDestroyed()
04-Jan-2024 21:53:09.989 INFOS [Catalina-utility-1] org.apache.catalina.core.ApplicationContext.log ContextListener: contextInitialized()
04-Jan-2024 21:53:09.989 INFOS [Catalina-utility-1] org.apache.catalina.core.ApplicationContext.log SessionListener: contextInitialized()
04-Jan-2024 21:53:09.990 INFOS [Catalina-utility-1] org.apache.catalina.core.ApplicationContext.log ContextListener: attributeAdded('StockTicker', 'async.Stockticker@2d0251fd')
04-Jan-2024 21:53:09.990 GRAVE [Catalina-utility-1] org.apache.catalina.core.StandardContext.filterStart Exception au démarrage du filtre [CorsFilter]
	javax.servlet.ServletException: Il est interdit de configurer supportsCredentials=[true] alors que allowedOrigins=[*]
		at org.apache.catalina.filters.CorsFilter.parseAndStore(CorsFilter.java:680)
		at org.apache.catalina.filters.CorsFilter.init(CorsFilter.java:170)
		at javax.servlet.GenericFilter.init(GenericFilter.java:72)
		at org.apache.catalina.core.ApplicationFilterConfig.initFilter(ApplicationFilterConfig.java:262)
		at org.apache.catalina.core.ApplicationFilterConfig.getFilter(ApplicationFilterConfig.java:244)
		at org.apache.catalina.core.ApplicationFilterConfig.<init>(ApplicationFilterConfig.java:97)
		at org.apache.catalina.core.StandardContext.filterStart(StandardContext.java:4311)
		at org.apache.catalina.core.StandardContext.startInternal(StandardContext.java:4940)
		at org.apache.catalina.util.LifecycleBase.start(LifecycleBase.java:171)
		at org.apache.catalina.core.StandardContext.reload(StandardContext.java:3581)
		at org.apache.catalina.startup.HostConfig.reload(HostConfig.java:1442)
		at org.apache.catalina.startup.HostConfig.checkResources(HostConfig.java:1414)
		at org.apache.catalina.startup.HostConfig.check(HostConfig.java:1653)
		at org.apache.catalina.startup.HostConfig.lifecycleEvent(HostConfig.java:314)
		at org.apache.catalina.util.LifecycleBase.fireLifecycleEvent(LifecycleBase.java:114)
		at org.apache.catalina.core.ContainerBase.backgroundProcess(ContainerBase.java:1098)
		at org.apache.catalina.core.ContainerBase$ContainerBackgroundProcessor.processChildren(ContainerBase.java:1301)
		at org.apache.catalina.core.ContainerBase$ContainerBackgroundProcessor.processChildren(ContainerBase.java:1305)
		at org.apache.catalina.core.ContainerBase$ContainerBackgroundProcessor.run(ContainerBase.java:1283)
		at java.util.concurrent.Executors$RunnableAdapter.call(Executors.java:511)
		at java.util.concurrent.FutureTask.runAndReset(FutureTask.java:308)
		at java.util.concurrent.ScheduledThreadPoolExecutor$ScheduledFutureTask.access$301(ScheduledThreadPoolExecutor.java:180)
		at java.util.concurrent.ScheduledThreadPoolExecutor$ScheduledFutureTask.run(ScheduledThreadPoolExecutor.java:294)
		at java.util.concurrent.ThreadPoolExecutor.runWorker(ThreadPoolExecutor.java:1149)
		at java.util.concurrent.ThreadPoolExecutor$Worker.run(ThreadPoolExecutor.java:624)
		at org.apache.tomcat.util.threads.TaskThread$WrappingRunnable.run(TaskThread.java:61)
		at java.lang.Thread.run(Thread.java:748)
04-Jan-2024 21:53:09.996 INFOS [Catalina-utility-1] org.apache.catalina.core.ApplicationContext.log SessionListener: contextDestroyed()
04-Jan-2024 21:53:09.996 INFOS [Catalina-utility-1] org.apache.catalina.core.ApplicationContext.log ContextListener: contextDestroyed()
04-Jan-2024 21:53:10.093 GRAVE [Catalina-utility-1] org.apache.catalina.core.StandardContext.filterStart Exception au démarrage du filtre [CorsFilter]
	javax.servlet.ServletException: Il est interdit de configurer supportsCredentials=[true] alors que allowedOrigins=[*]
		at org.apache.catalina.filters.CorsFilter.parseAndStore(CorsFilter.java:680)
		at org.apache.catalina.filters.CorsFilter.init(CorsFilter.java:170)
		at javax.servlet.GenericFilter.init(GenericFilter.java:72)
		at org.apache.catalina.core.ApplicationFilterConfig.initFilter(ApplicationFilterConfig.java:262)
		at org.apache.catalina.core.ApplicationFilterConfig.getFilter(ApplicationFilterConfig.java:244)
		at org.apache.catalina.core.ApplicationFilterConfig.<init>(ApplicationFilterConfig.java:97)
		at org.apache.catalina.core.StandardContext.filterStart(StandardContext.java:4311)
		at org.apache.catalina.core.StandardContext.startInternal(StandardContext.java:4940)
		at org.apache.catalina.util.LifecycleBase.start(LifecycleBase.java:171)
		at org.apache.catalina.core.StandardContext.reload(StandardContext.java:3581)
		at org.apache.catalina.startup.HostConfig.reload(HostConfig.java:1442)
		at org.apache.catalina.startup.HostConfig.checkResources(HostConfig.java:1414)
		at org.apache.catalina.startup.HostConfig.check(HostConfig.java:1653)
		at org.apache.catalina.startup.HostConfig.lifecycleEvent(HostConfig.java:314)
		at org.apache.catalina.util.LifecycleBase.fireLifecycleEvent(LifecycleBase.java:114)
		at org.apache.catalina.core.ContainerBase.backgroundProcess(ContainerBase.java:1098)
		at org.apache.catalina.core.ContainerBase$ContainerBackgroundProcessor.processChildren(ContainerBase.java:1301)
		at org.apache.catalina.core.ContainerBase$ContainerBackgroundProcessor.processChildren(ContainerBase.java:1305)
		at org.apache.catalina.core.ContainerBase$ContainerBackgroundProcessor.run(ContainerBase.java:1283)
		at java.util.concurrent.Executors$RunnableAdapter.call(Executors.java:511)
		at java.util.concurrent.FutureTask.runAndReset(FutureTask.java:308)
		at java.util.concurrent.ScheduledThreadPoolExecutor$ScheduledFutureTask.access$301(ScheduledThreadPoolExecutor.java:180)
		at java.util.concurrent.ScheduledThreadPoolExecutor$ScheduledFutureTask.run(ScheduledThreadPoolExecutor.java:294)
		at java.util.concurrent.ThreadPoolExecutor.runWorker(ThreadPoolExecutor.java:1149)
		at java.util.concurrent.ThreadPoolExecutor$Worker.run(ThreadPoolExecutor.java:624)
		at org.apache.tomcat.util.threads.TaskThread$WrappingRunnable.run(TaskThread.java:61)
		at java.lang.Thread.run(Thread.java:748)
04-Jan-2024 21:54:07.773 INFOS [Catalina-utility-2] org.apache.catalina.core.ApplicationContext.log ContextListener: contextInitialized()
04-Jan-2024 21:54:07.773 INFOS [Catalina-utility-2] org.apache.catalina.core.ApplicationContext.log SessionListener: contextInitialized()
04-Jan-2024 21:54:07.775 INFOS [Catalina-utility-2] org.apache.catalina.core.ApplicationContext.log ContextListener: attributeAdded('StockTicker', 'async.Stockticker@1c8d31a0')
04-Jan-2024 23:08:05.090 INFOS [main] org.apache.catalina.core.ApplicationContext.log ContextListener: contextInitialized()
04-Jan-2024 23:08:05.091 INFOS [main] org.apache.catalina.core.ApplicationContext.log SessionListener: contextInitialized()
04-Jan-2024 23:08:05.094 INFOS [main] org.apache.catalina.core.ApplicationContext.log ContextListener: attributeAdded('StockTicker', 'async.Stockticker@221b9c2b')
04-Jan-2024 23:10:35.855 INFOS [main] org.apache.catalina.core.ApplicationContext.log ContextListener: contextInitialized()
04-Jan-2024 23:10:35.856 INFOS [main] org.apache.catalina.core.ApplicationContext.log SessionListener: contextInitialized()
04-Jan-2024 23:10:35.857 INFOS [main] org.apache.catalina.core.ApplicationContext.log ContextListener: attributeAdded('StockTicker', 'async.Stockticker@221b9c2b')
04-Jan-2024 23:13:42.058 INFOS [main] org.apache.catalina.core.ApplicationContext.log ContextListener: contextInitialized()
04-Jan-2024 23:13:42.058 INFOS [main] org.apache.catalina.core.ApplicationContext.log SessionListener: contextInitialized()
04-Jan-2024 23:13:42.060 INFOS [main] org.apache.catalina.core.ApplicationContext.log ContextListener: attributeAdded('StockTicker', 'async.Stockticker@221b9c2b')
04-Jan-2024 23:14:42.332 INFOS [main] org.apache.catalina.core.ApplicationContext.log ContextListener: contextInitialized()
04-Jan-2024 23:14:42.332 INFOS [main] org.apache.catalina.core.ApplicationContext.log SessionListener: contextInitialized()
04-Jan-2024 23:14:42.333 INFOS [main] org.apache.catalina.core.ApplicationContext.log ContextListener: attributeAdded('StockTicker', 'async.Stockticker@221b9c2b')
04-Jan-2024 23:19:42.613 INFOS [main] org.apache.catalina.core.ApplicationContext.log ContextListener: contextInitialized()
04-Jan-2024 23:19:42.613 INFOS [main] org.apache.catalina.core.ApplicationContext.log SessionListener: contextInitialized()
04-Jan-2024 23:19:42.614 INFOS [main] org.apache.catalina.core.ApplicationContext.log ContextListener: attributeAdded('StockTicker', 'async.Stockticker@221b9c2b')
